{"/home/msk/Desktop/vs_code/hackathon/founder-brain-backend/src/config/cacheConfig.ts": {"path":"/home/msk/Desktop/vs_code/hackathon/founder-brain-backend/src/config/cacheConfig.ts","statementMap":{"0":{"start":{"line":1,"column":0},"end":{"line":1,"column":35}},"1":{"start":{"line":3,"column":13},"end":{"line":17,"column":2}},"2":{"start":{"line":19,"column":13},"end":{"line":27,"column":2}},"3":{"start":{"line":29,"column":33},"end":{"line":36,"column":1}},"4":{"start":{"line":30,"column":2},"end":{"line":30,"column":75}},"5":{"start":{"line":30,"column":43},"end":{"line":30,"column":75}},"6":{"start":{"line":31,"column":2},"end":{"line":31,"column":66}},"7":{"start":{"line":31,"column":36},"end":{"line":31,"column":66}},"8":{"start":{"line":32,"column":2},"end":{"line":32,"column":80}},"9":{"start":{"line":32,"column":49},"end":{"line":32,"column":80}},"10":{"start":{"line":33,"column":2},"end":{"line":33,"column":60}},"11":{"start":{"line":33,"column":33},"end":{"line":33,"column":60}},"12":{"start":{"line":34,"column":2},"end":{"line":34,"column":64}},"13":{"start":{"line":34,"column":33},"end":{"line":34,"column":64}},"14":{"start":{"line":35,"column":2},"end":{"line":35,"column":12}},"15":{"start":{"line":29,"column":13},"end":{"line":29,"column":33}}},"fnMap":{"0":{"name":"(anonymous_1)","decl":{"start":{"line":29,"column":33},"end":{"line":29,"column":34}},"loc":{"start":{"line":29,"column":62},"end":{"line":36,"column":1}}}},"branchMap":{"0":{"loc":{"start":{"line":5,"column":17},"end":{"line":5,"column":53}},"type":"binary-expr","locations":[{"start":{"line":5,"column":17},"end":{"line":5,"column":47}},{"start":{"line":5,"column":51},"end":{"line":5,"column":53}}]},"1":{"loc":{"start":{"line":9,"column":16},"end":{"line":9,"column":52}},"type":"binary-expr","locations":[{"start":{"line":9,"column":16},"end":{"line":9,"column":45}},{"start":{"line":9,"column":49},"end":{"line":9,"column":52}}]},"2":{"loc":{"start":{"line":10,"column":13},"end":{"line":10,"column":45}},"type":"binary-expr","locations":[{"start":{"line":10,"column":13},"end":{"line":10,"column":39}},{"start":{"line":10,"column":43},"end":{"line":10,"column":45}}]},"3":{"loc":{"start":{"line":13,"column":18},"end":{"line":13,"column":50}},"type":"binary-expr","locations":[{"start":{"line":13,"column":18},"end":{"line":13,"column":42}},{"start":{"line":13,"column":46},"end":{"line":13,"column":50}}]},"4":{"loc":{"start":{"line":15,"column":17},"end":{"line":15,"column":54}},"type":"binary-expr","locations":[{"start":{"line":15,"column":17},"end":{"line":15,"column":47}},{"start":{"line":15,"column":51},"end":{"line":15,"column":54}}]},"5":{"loc":{"start":{"line":30,"column":2},"end":{"line":30,"column":75}},"type":"if","locations":[{"start":{"line":30,"column":2},"end":{"line":30,"column":75}},{"start":{},"end":{}}]},"6":{"loc":{"start":{"line":31,"column":2},"end":{"line":31,"column":66}},"type":"if","locations":[{"start":{"line":31,"column":2},"end":{"line":31,"column":66}},{"start":{},"end":{}}]},"7":{"loc":{"start":{"line":32,"column":2},"end":{"line":32,"column":80}},"type":"if","locations":[{"start":{"line":32,"column":2},"end":{"line":32,"column":80}},{"start":{},"end":{}}]},"8":{"loc":{"start":{"line":33,"column":2},"end":{"line":33,"column":60}},"type":"if","locations":[{"start":{"line":33,"column":2},"end":{"line":33,"column":60}},{"start":{},"end":{}}]},"9":{"loc":{"start":{"line":34,"column":2},"end":{"line":34,"column":64}},"type":"if","locations":[{"start":{"line":34,"column":2},"end":{"line":34,"column":64}},{"start":{},"end":{}}]}},"s":{"0":1,"1":1,"2":1,"3":1,"4":1,"5":1,"6":0,"7":0,"8":0,"9":0,"10":0,"11":0,"12":0,"13":0,"14":0,"15":1},"f":{"0":1},"b":{"0":[1,0],"1":[1,0],"2":[1,0],"3":[1,0],"4":[1,0],"5":[1,0],"6":[0,0],"7":[0,0],"8":[0,0],"9":[0,0]}}
,"/home/msk/Desktop/vs_code/hackathon/founder-brain-backend/src/config/container.ts": {"path":"/home/msk/Desktop/vs_code/hackathon/founder-brain-backend/src/config/container.ts","statementMap":{"0":{"start":{"line":2,"column":0},"end":{"line":2,"column":30}},"1":{"start":{"line":3,"column":0},"end":{"line":3,"column":38}},"2":{"start":{"line":6,"column":0},"end":{"line":6,"column":70}},"3":{"start":{"line":7,"column":0},"end":{"line":7,"column":64}},"4":{"start":{"line":8,"column":0},"end":{"line":8,"column":68}},"5":{"start":{"line":9,"column":0},"end":{"line":9,"column":80}},"6":{"start":{"line":10,"column":0},"end":{"line":10,"column":78}},"7":{"start":{"line":13,"column":0},"end":{"line":13,"column":60}},"8":{"start":{"line":14,"column":0},"end":{"line":14,"column":54}},"9":{"start":{"line":15,"column":0},"end":{"line":15,"column":50}},"10":{"start":{"line":16,"column":0},"end":{"line":16,"column":58}},"11":{"start":{"line":18,"column":0},"end":{"line":18,"column":56}},"12":{"start":{"line":19,"column":0},"end":{"line":19,"column":62}},"13":{"start":{"line":20,"column":0},"end":{"line":20,"column":70}},"14":{"start":{"line":21,"column":0},"end":{"line":21,"column":74}},"15":{"start":{"line":22,"column":0},"end":{"line":22,"column":56}},"16":{"start":{"line":23,"column":0},"end":{"line":23,"column":80}},"17":{"start":{"line":24,"column":0},"end":{"line":24,"column":68}},"18":{"start":{"line":25,"column":0},"end":{"line":25,"column":84}},"19":{"start":{"line":26,"column":0},"end":{"line":26,"column":54}},"20":{"start":{"line":29,"column":0},"end":{"line":29,"column":69}},"21":{"start":{"line":30,"column":0},"end":{"line":30,"column":63}},"22":{"start":{"line":31,"column":0},"end":{"line":31,"column":65}},"23":{"start":{"line":32,"column":0},"end":{"line":32,"column":79}},"24":{"start":{"line":35,"column":0},"end":{"line":35,"column":57}},"25":{"start":{"line":36,"column":0},"end":{"line":36,"column":79}},"26":{"start":{"line":37,"column":0},"end":{"line":37,"column":73}},"27":{"start":{"line":45,"column":39},"end":{"line":45,"column":48}},"28":{"start":{"line":48,"column":4},"end":{"line":48,"column":22}},"29":{"start":{"line":52,"column":4},"end":{"line":54,"column":5}},"30":{"start":{"line":53,"column":6},"end":{"line":53,"column":43}},"31":{"start":{"line":55,"column":4},"end":{"line":55,"column":30}},"32":{"start":{"line":62,"column":4},"end":{"line":139,"column":5}},"33":{"start":{"line":63,"column":6},"end":{"line":63,"column":68}},"34":{"start":{"line":66,"column":6},"end":{"line":66,"column":42}},"35":{"start":{"line":67,"column":6},"end":{"line":67,"column":46}},"36":{"start":{"line":70,"column":32},"end":{"line":70,"column":55}},"37":{"start":{"line":71,"column":29},"end":{"line":71,"column":49}},"38":{"start":{"line":72,"column":31},"end":{"line":72,"column":53}},"39":{"start":{"line":73,"column":37},"end":{"line":73,"column":65}},"40":{"start":{"line":74,"column":36},"end":{"line":74,"column":63}},"41":{"start":{"line":76,"column":6},"end":{"line":76,"column":64}},"42":{"start":{"line":77,"column":6},"end":{"line":77,"column":58}},"43":{"start":{"line":78,"column":6},"end":{"line":78,"column":62}},"44":{"start":{"line":79,"column":6},"end":{"line":79,"column":74}},"45":{"start":{"line":80,"column":6},"end":{"line":80,"column":72}},"46":{"start":{"line":83,"column":27},"end":{"line":83,"column":64}},"47":{"start":{"line":84,"column":39},"end":{"line":84,"column":89}},"48":{"start":{"line":85,"column":33},"end":{"line":85,"column":100}},"49":{"start":{"line":86,"column":41},"end":{"line":86,"column":79}},"50":{"start":{"line":87,"column":27},"end":{"line":87,"column":51}},"51":{"start":{"line":88,"column":24},"end":{"line":88,"column":45}},"52":{"start":{"line":89,"column":31},"end":{"line":89,"column":69}},"53":{"start":{"line":90,"column":30},"end":{"line":90,"column":70}},"54":{"start":{"line":93,"column":27},"end":{"line":93,"column":68}},"55":{"start":{"line":95,"column":6},"end":{"line":95,"column":54}},"56":{"start":{"line":96,"column":6},"end":{"line":96,"column":78}},"57":{"start":{"line":97,"column":6},"end":{"line":97,"column":66}},"58":{"start":{"line":98,"column":6},"end":{"line":98,"column":82}},"59":{"start":{"line":99,"column":6},"end":{"line":99,"column":54}},"60":{"start":{"line":100,"column":6},"end":{"line":100,"column":48}},"61":{"start":{"line":101,"column":6},"end":{"line":101,"column":62}},"62":{"start":{"line":102,"column":6},"end":{"line":102,"column":60}},"63":{"start":{"line":103,"column":6},"end":{"line":103,"column":54}},"64":{"start":{"line":106,"column":28},"end":{"line":106,"column":89}},"65":{"start":{"line":107,"column":27},"end":{"line":107,"column":80}},"66":{"start":{"line":108,"column":36},"end":{"line":108,"column":84}},"67":{"start":{"line":109,"column":34},"end":{"line":109,"column":103}},"68":{"start":{"line":110,"column":29},"end":{"line":110,"column":114}},"69":{"start":{"line":111,"column":26},"end":{"line":111,"column":129}},"70":{"start":{"line":113,"column":6},"end":{"line":113,"column":56}},"71":{"start":{"line":114,"column":6},"end":{"line":114,"column":54}},"72":{"start":{"line":115,"column":6},"end":{"line":115,"column":72}},"73":{"start":{"line":116,"column":6},"end":{"line":116,"column":68}},"74":{"start":{"line":117,"column":6},"end":{"line":117,"column":58}},"75":{"start":{"line":118,"column":6},"end":{"line":118,"column":52}},"76":{"start":{"line":121,"column":28},"end":{"line":121,"column":113}},"77":{"start":{"line":122,"column":6},"end":{"line":122,"column":56}},"78":{"start":{"line":125,"column":32},"end":{"line":125,"column":97}},"79":{"start":{"line":126,"column":29},"end":{"line":126,"column":88}},"80":{"start":{"line":127,"column":30},"end":{"line":127,"column":71}},"81":{"start":{"line":128,"column":37},"end":{"line":128,"column":84}},"82":{"start":{"line":130,"column":6},"end":{"line":130,"column":64}},"83":{"start":{"line":131,"column":6},"end":{"line":131,"column":58}},"84":{"start":{"line":132,"column":6},"end":{"line":132,"column":60}},"85":{"start":{"line":133,"column":6},"end":{"line":133,"column":74}},"86":{"start":{"line":135,"column":6},"end":{"line":135,"column":78}},"87":{"start":{"line":137,"column":6},"end":{"line":137,"column":67}},"88":{"start":{"line":138,"column":6},"end":{"line":138,"column":18}},"89":{"start":{"line":146,"column":39},"end":{"line":146,"column":67}},"90":{"start":{"line":147,"column":4},"end":{"line":147,"column":36}},"91":{"start":{"line":154,"column":20},"end":{"line":154,"column":42}},"92":{"start":{"line":155,"column":4},"end":{"line":157,"column":5}},"93":{"start":{"line":156,"column":6},"end":{"line":156,"column":64}},"94":{"start":{"line":158,"column":4},"end":{"line":158,"column":19}},"95":{"start":{"line":162,"column":46},"end":{"line":162,"column":87}},"96":{"start":{"line":163,"column":40},"end":{"line":163,"column":78}},"97":{"start":{"line":164,"column":42},"end":{"line":164,"column":81}},"98":{"start":{"line":165,"column":56},"end":{"line":165,"column":102}},"99":{"start":{"line":166,"column":36},"end":{"line":166,"column":72}},"100":{"start":{"line":167,"column":60},"end":{"line":167,"column":108}},"101":{"start":{"line":168,"column":36},"end":{"line":168,"column":72}},"102":{"start":{"line":169,"column":48},"end":{"line":169,"column":90}},"103":{"start":{"line":171,"column":40},"end":{"line":171,"column":78}},"104":{"start":{"line":172,"column":34},"end":{"line":172,"column":69}},"105":{"start":{"line":173,"column":36},"end":{"line":173,"column":72}},"106":{"start":{"line":174,"column":38},"end":{"line":174,"column":75}},"107":{"start":{"line":175,"column":36},"end":{"line":175,"column":72}},"108":{"start":{"line":178,"column":13},"end":{"line":178,"column":49}},"109":{"start":{"line":179,"column":28},"end":{"line":179,"column":57}},"110":{"start":{"line":179,"column":34},"end":{"line":179,"column":57}},"111":{"start":{"line":179,"column":13},"end":{"line":179,"column":28}}},"fnMap":{"0":{"name":"(anonymous_1)","decl":{"start":{"line":47,"column":2},"end":{"line":47,"column":null}},"loc":{"start":{"line":47,"column":2},"end":{"line":49,"column":3}}},"1":{"name":"(anonymous_2)","decl":{"start":{"line":51,"column":2},"end":{"line":51,"column":8}},"loc":{"start":{"line":51,"column":20},"end":{"line":56,"column":3}}},"2":{"name":"(anonymous_3)","decl":{"start":{"line":61,"column":10},"end":{"line":61,"column":20}},"loc":{"start":{"line":61,"column":20},"end":{"line":140,"column":3}}},"3":{"name":"(anonymous_4)","decl":{"start":{"line":145,"column":9},"end":{"line":145,"column":27}},"loc":{"start":{"line":145,"column":50},"end":{"line":148,"column":3}}},"4":{"name":"(anonymous_5)","decl":{"start":{"line":153,"column":2},"end":{"line":153,"column":9}},"loc":{"start":{"line":153,"column":24},"end":{"line":159,"column":3}}},"5":{"name":"(anonymous_6)","decl":{"start":{"line":162,"column":2},"end":{"line":162,"column":22}},"loc":{"start":{"line":162,"column":22},"end":{"line":162,"column":89}}},"6":{"name":"(anonymous_7)","decl":{"start":{"line":163,"column":2},"end":{"line":163,"column":19}},"loc":{"start":{"line":163,"column":19},"end":{"line":163,"column":80}}},"7":{"name":"(anonymous_8)","decl":{"start":{"line":164,"column":2},"end":{"line":164,"column":20}},"loc":{"start":{"line":164,"column":20},"end":{"line":164,"column":83}}},"8":{"name":"(anonymous_9)","decl":{"start":{"line":165,"column":2},"end":{"line":165,"column":27}},"loc":{"start":{"line":165,"column":27},"end":{"line":165,"column":104}}},"9":{"name":"(anonymous_10)","decl":{"start":{"line":166,"column":2},"end":{"line":166,"column":17}},"loc":{"start":{"line":166,"column":17},"end":{"line":166,"column":74}}},"10":{"name":"(anonymous_11)","decl":{"start":{"line":167,"column":2},"end":{"line":167,"column":29}},"loc":{"start":{"line":167,"column":29},"end":{"line":167,"column":110}}},"11":{"name":"(anonymous_12)","decl":{"start":{"line":168,"column":2},"end":{"line":168,"column":17}},"loc":{"start":{"line":168,"column":17},"end":{"line":168,"column":74}}},"12":{"name":"(anonymous_13)","decl":{"start":{"line":169,"column":2},"end":{"line":169,"column":23}},"loc":{"start":{"line":169,"column":23},"end":{"line":169,"column":92}}},"13":{"name":"(anonymous_14)","decl":{"start":{"line":171,"column":2},"end":{"line":171,"column":19}},"loc":{"start":{"line":171,"column":19},"end":{"line":171,"column":80}}},"14":{"name":"(anonymous_15)","decl":{"start":{"line":172,"column":2},"end":{"line":172,"column":16}},"loc":{"start":{"line":172,"column":16},"end":{"line":172,"column":71}}},"15":{"name":"(anonymous_16)","decl":{"start":{"line":173,"column":2},"end":{"line":173,"column":17}},"loc":{"start":{"line":173,"column":17},"end":{"line":173,"column":74}}},"16":{"name":"(anonymous_17)","decl":{"start":{"line":174,"column":2},"end":{"line":174,"column":18}},"loc":{"start":{"line":174,"column":18},"end":{"line":174,"column":77}}},"17":{"name":"(anonymous_18)","decl":{"start":{"line":175,"column":2},"end":{"line":175,"column":17}},"loc":{"start":{"line":175,"column":17},"end":{"line":175,"column":74}}},"18":{"name":"(anonymous_19)","decl":{"start":{"line":179,"column":28},"end":{"line":179,"column":31}},"loc":{"start":{"line":179,"column":34},"end":{"line":179,"column":57}}}},"branchMap":{"0":{"loc":{"start":{"line":52,"column":4},"end":{"line":54,"column":5}},"type":"if","locations":[{"start":{"line":52,"column":4},"end":{"line":54,"column":5}},{"start":{},"end":{}}]},"1":{"loc":{"start":{"line":155,"column":4},"end":{"line":157,"column":5}},"type":"if","locations":[{"start":{"line":155,"column":4},"end":{"line":157,"column":5}},{"start":{},"end":{}}]}},"s":{"0":1,"1":1,"2":1,"3":1,"4":1,"5":1,"6":1,"7":1,"8":1,"9":1,"10":1,"11":1,"12":1,"13":1,"14":1,"15":1,"16":1,"17":1,"18":1,"19":1,"20":1,"21":1,"22":1,"23":1,"24":1,"25":1,"26":1,"27":1,"28":1,"29":1,"30":1,"31":1,"32":1,"33":1,"34":1,"35":1,"36":1,"37":1,"38":1,"39":1,"40":1,"41":1,"42":1,"43":1,"44":1,"45":1,"46":1,"47":1,"48":1,"49":1,"50":1,"51":1,"52":1,"53":1,"54":1,"55":1,"56":1,"57":1,"58":1,"59":1,"60":1,"61":1,"62":1,"63":1,"64":1,"65":1,"66":1,"67":1,"68":1,"69":1,"70":1,"71":1,"72":1,"73":1,"74":1,"75":1,"76":1,"77":1,"78":1,"79":1,"80":1,"81":1,"82":1,"83":1,"84":1,"85":1,"86":1,"87":0,"88":0,"89":0,"90":0,"91":6,"92":6,"93":0,"94":6,"95":1,"96":1,"97":1,"98":0,"99":1,"100":0,"101":0,"102":1,"103":0,"104":0,"105":0,"106":0,"107":0,"108":1,"109":1,"110":0,"111":1},"f":{"0":1,"1":1,"2":1,"3":0,"4":6,"5":1,"6":1,"7":1,"8":0,"9":1,"10":0,"11":0,"12":1,"13":0,"14":0,"15":0,"16":0,"17":0,"18":0},"b":{"0":[1,0],"1":[0,6]}}
,"/home/msk/Desktop/vs_code/hackathon/founder-brain-backend/src/config/database.ts": {"path":"/home/msk/Desktop/vs_code/hackathon/founder-brain-backend/src/config/database.ts","statementMap":{"0":{"start":{"line":1,"column":0},"end":{"line":1,"column":32}},"1":{"start":{"line":2,"column":0},"end":{"line":2,"column":30}},"2":{"start":{"line":3,"column":0},"end":{"line":3,"column":35}},"3":{"start":{"line":8,"column":25},"end":{"line":26,"column":1}},"4":{"start":{"line":9,"column":2},"end":{"line":25,"column":3}},"5":{"start":{"line":10,"column":45},"end":{"line":18,"column":6}},"6":{"start":{"line":20,"column":4},"end":{"line":20,"column":56}},"7":{"start":{"line":21,"column":4},"end":{"line":21,"column":78}},"8":{"start":{"line":23,"column":4},"end":{"line":23,"column":112}},"9":{"start":{"line":24,"column":4},"end":{"line":24,"column":20}},"10":{"start":{"line":8,"column":13},"end":{"line":8,"column":25}}},"fnMap":{"0":{"name":"(anonymous_1)","decl":{"start":{"line":8,"column":25},"end":{"line":8,"column":30}},"loc":{"start":{"line":8,"column":51},"end":{"line":26,"column":1}}}},"branchMap":{"0":{"loc":{"start":{"line":23,"column":58},"end":{"line":23,"column":108}},"type":"cond-expr","locations":[{"start":{"line":23,"column":83},"end":{"line":23,"column":96}},{"start":{"line":23,"column":99},"end":{"line":23,"column":108}}]}},"s":{"0":0,"1":0,"2":0,"3":0,"4":0,"5":0,"6":0,"7":0,"8":0,"9":0,"10":0},"f":{"0":0},"b":{"0":[0,0]}}
,"/home/msk/Desktop/vs_code/hackathon/founder-brain-backend/src/config/lanceDb.ts": {"path":"/home/msk/Desktop/vs_code/hackathon/founder-brain-backend/src/config/lanceDb.ts","statementMap":{"0":{"start":{"line":1,"column":0},"end":{"line":1,"column":44}},"1":{"start":{"line":2,"column":0},"end":{"line":2,"column":38}},"2":{"start":{"line":3,"column":0},"end":{"line":3,"column":35}},"3":{"start":{"line":4,"column":0},"end":{"line":4,"column":30}},"4":{"start":{"line":5,"column":0},"end":{"line":5,"column":24}},"5":{"start":{"line":6,"column":0},"end":{"line":6,"column":20}},"6":{"start":{"line":8,"column":36},"end":{"line":8,"column":40}},"7":{"start":{"line":9,"column":19},"end":{"line":9,"column":35}},"8":{"start":{"line":14,"column":27},"end":{"line":62,"column":1}},"9":{"start":{"line":15,"column":2},"end":{"line":61,"column":3}},"10":{"start":{"line":16,"column":19},"end":{"line":16,"column":54}},"11":{"start":{"line":19,"column":4},"end":{"line":21,"column":5}},"12":{"start":{"line":20,"column":6},"end":{"line":20,"column":48}},"13":{"start":{"line":23,"column":4},"end":{"line":23,"column":39}},"14":{"start":{"line":24,"column":4},"end":{"line":24,"column":52}},"15":{"start":{"line":26,"column":23},"end":{"line":26,"column":44}},"16":{"start":{"line":28,"column":4},"end":{"line":57,"column":5}},"17":{"start":{"line":29,"column":6},"end":{"line":29,"column":51}},"18":{"start":{"line":32,"column":21},"end":{"line":38,"column":8}},"19":{"start":{"line":45,"column":24},"end":{"line":53,"column":8}},"20":{"start":{"line":55,"column":6},"end":{"line":55,"column":50}},"21":{"start":{"line":56,"column":6},"end":{"line":56,"column":62}},"22":{"start":{"line":59,"column":4},"end":{"line":59,"column":60}},"23":{"start":{"line":60,"column":4},"end":{"line":60,"column":16}},"24":{"start":{"line":14,"column":13},"end":{"line":14,"column":27}},"25":{"start":{"line":67,"column":27},"end":{"line":72,"column":1}},"26":{"start":{"line":68,"column":2},"end":{"line":70,"column":3}},"27":{"start":{"line":69,"column":4},"end":{"line":69,"column":74}},"28":{"start":{"line":71,"column":2},"end":{"line":71,"column":12}},"29":{"start":{"line":67,"column":13},"end":{"line":67,"column":27}},"30":{"start":{"line":77,"column":30},"end":{"line":80,"column":1}},"31":{"start":{"line":78,"column":21},"end":{"line":78,"column":34}},"32":{"start":{"line":79,"column":2},"end":{"line":79,"column":48}},"33":{"start":{"line":77,"column":13},"end":{"line":77,"column":30}},"34":{"start":{"line":85,"column":28},"end":{"line":90,"column":1}},"35":{"start":{"line":88,"column":2},"end":{"line":88,"column":12}},"36":{"start":{"line":89,"column":2},"end":{"line":89,"column":43}},"37":{"start":{"line":85,"column":13},"end":{"line":85,"column":28}}},"fnMap":{"0":{"name":"(anonymous_10)","decl":{"start":{"line":14,"column":27},"end":{"line":14,"column":32}},"loc":{"start":{"line":14,"column":53},"end":{"line":62,"column":1}}},"1":{"name":"(anonymous_11)","decl":{"start":{"line":67,"column":27},"end":{"line":67,"column":50}},"loc":{"start":{"line":67,"column":52},"end":{"line":72,"column":1}}},"2":{"name":"(anonymous_12)","decl":{"start":{"line":77,"column":30},"end":{"line":77,"column":35}},"loc":{"start":{"line":77,"column":65},"end":{"line":80,"column":1}}},"3":{"name":"(anonymous_13)","decl":{"start":{"line":85,"column":28},"end":{"line":85,"column":33}},"loc":{"start":{"line":85,"column":54},"end":{"line":90,"column":1}}}},"branchMap":{"0":{"loc":{"start":{"line":19,"column":4},"end":{"line":21,"column":5}},"type":"if","locations":[{"start":{"line":19,"column":4},"end":{"line":21,"column":5}},{"start":{},"end":{}}]},"1":{"loc":{"start":{"line":28,"column":4},"end":{"line":57,"column":5}},"type":"if","locations":[{"start":{"line":28,"column":4},"end":{"line":57,"column":5}},{"start":{},"end":{}}]},"2":{"loc":{"start":{"line":68,"column":2},"end":{"line":70,"column":3}},"type":"if","locations":[{"start":{"line":68,"column":2},"end":{"line":70,"column":3}},{"start":{},"end":{}}]}},"s":{"0":1,"1":1,"2":1,"3":1,"4":1,"5":1,"6":1,"7":1,"8":1,"9":0,"10":0,"11":0,"12":0,"13":0,"14":0,"15":0,"16":0,"17":0,"18":0,"19":0,"20":0,"21":0,"22":0,"23":0,"24":1,"25":1,"26":0,"27":0,"28":0,"29":1,"30":1,"31":0,"32":0,"33":1,"34":1,"35":0,"36":0,"37":1},"f":{"0":0,"1":0,"2":0,"3":0},"b":{"0":[0,0],"1":[0,0],"2":[0,0]}}
,"/home/msk/Desktop/vs_code/hackathon/founder-brain-backend/src/config/logger.ts": {"path":"/home/msk/Desktop/vs_code/hackathon/founder-brain-backend/src/config/logger.ts","statementMap":{"0":{"start":{"line":1,"column":0},"end":{"line":1,"column":30}},"1":{"start":{"line":2,"column":0},"end":{"line":2,"column":56}},"2":{"start":{"line":3,"column":0},"end":{"line":3,"column":28}},"3":{"start":{"line":5,"column":0},"end":{"line":5,"column":69}},"4":{"start":{"line":6,"column":0},"end":{"line":6,"column":54}},"5":{"start":{"line":8,"column":0},"end":{"line":8,"column":16}},"6":{"start":{"line":10,"column":63},"end":{"line":10,"column":77}},"7":{"start":{"line":12,"column":15},"end":{"line":12,"column":43}},"8":{"start":{"line":17,"column":20},"end":{"line":21,"column":2}},"9":{"start":{"line":18,"column":2},"end":{"line":18,"column":45}},"10":{"start":{"line":19,"column":2},"end":{"line":19,"column":56}},"11":{"start":{"line":20,"column":2},"end":{"line":20,"column":14}},"12":{"start":{"line":26,"column":22},"end":{"line":31,"column":2}},"13":{"start":{"line":27,"column":19},"end":{"line":27,"column":75}},"14":{"start":{"line":28,"column":2},"end":{"line":30,"column":5}},"15":{"start":{"line":36,"column":23},"end":{"line":75,"column":2}},"16":{"start":{"line":78,"column":0},"end":{"line":89,"column":1}},"17":{"start":{"line":79,"column":2},"end":{"line":88,"column":4}},"18":{"start":{"line":98,"column":4},"end":{"line":98,"column":25}},"19":{"start":{"line":102,"column":4},"end":{"line":102,"column":37}},"20":{"start":{"line":106,"column":4},"end":{"line":106,"column":36}},"21":{"start":{"line":110,"column":4},"end":{"line":110,"column":36}},"22":{"start":{"line":114,"column":4},"end":{"line":114,"column":37}},"23":{"start":{"line":118,"column":4},"end":{"line":118,"column":57}},"24":{"start":{"line":122,"column":13},"end":{"line":122,"column":65}},"25":{"start":{"line":123,"column":0},"end":{"line":123,"column":22}}},"fnMap":{"0":{"name":"(anonymous_1)","decl":{"start":{"line":17,"column":35},"end":{"line":17,"column":36}},"loc":{"start":{"line":17,"column":44},"end":{"line":21,"column":1}}},"1":{"name":"(anonymous_2)","decl":{"start":{"line":26,"column":29},"end":{"line":26,"column":30}},"loc":{"start":{"line":26,"column":88},"end":{"line":31,"column":1}}},"2":{"name":"(anonymous_3)","decl":{"start":{"line":97,"column":2},"end":{"line":97,"column":14}},"loc":{"start":{"line":97,"column":36},"end":{"line":99,"column":3}}},"3":{"name":"(anonymous_4)","decl":{"start":{"line":101,"column":2},"end":{"line":101,"column":7}},"loc":{"start":{"line":101,"column":38},"end":{"line":103,"column":3}}},"4":{"name":"(anonymous_5)","decl":{"start":{"line":105,"column":2},"end":{"line":105,"column":6}},"loc":{"start":{"line":105,"column":37},"end":{"line":107,"column":3}}},"5":{"name":"(anonymous_6)","decl":{"start":{"line":109,"column":2},"end":{"line":109,"column":6}},"loc":{"start":{"line":109,"column":37},"end":{"line":111,"column":3}}},"6":{"name":"(anonymous_7)","decl":{"start":{"line":113,"column":2},"end":{"line":113,"column":7}},"loc":{"start":{"line":113,"column":38},"end":{"line":115,"column":3}}},"7":{"name":"(anonymous_8)","decl":{"start":{"line":117,"column":2},"end":{"line":117,"column":7}},"loc":{"start":{"line":117,"column":23},"end":{"line":119,"column":3}}}},"branchMap":{"0":{"loc":{"start":{"line":19,"column":16},"end":{"line":19,"column":55}},"type":"binary-expr","locations":[{"start":{"line":19,"column":16},"end":{"line":19,"column":42}},{"start":{"line":19,"column":46},"end":{"line":19,"column":55}}]},"1":{"loc":{"start":{"line":27,"column":19},"end":{"line":27,"column":75}},"type":"cond-expr","locations":[{"start":{"line":27,"column":55},"end":{"line":27,"column":70}},{"start":{"line":27,"column":73},"end":{"line":27,"column":75}}]},"2":{"loc":{"start":{"line":27,"column":19},"end":{"line":27,"column":52}},"type":"binary-expr","locations":[{"start":{"line":27,"column":19},"end":{"line":27,"column":26}},{"start":{"line":27,"column":30},"end":{"line":27,"column":52}}]},"3":{"loc":{"start":{"line":28,"column":48},"end":{"line":28,"column":64}},"type":"binary-expr","locations":[{"start":{"line":28,"column":48},"end":{"line":28,"column":53}},{"start":{"line":28,"column":57},"end":{"line":28,"column":64}}]},"4":{"loc":{"start":{"line":29,"column":4},"end":{"line":29,"column":null}},"type":"cond-expr","locations":[{"start":{"line":29,"column":48},"end":{"line":29,"column":68}},{"start":{"line":29,"column":71},"end":{"line":29,"column":null}}]},"5":{"loc":{"start":{"line":29,"column":4},"end":{"line":29,"column":45}},"type":"binary-expr","locations":[{"start":{"line":29,"column":4},"end":{"line":29,"column":28}},{"start":{"line":29,"column":32},"end":{"line":29,"column":45}}]},"6":{"loc":{"start":{"line":78,"column":0},"end":{"line":89,"column":1}},"type":"if","locations":[{"start":{"line":78,"column":0},"end":{"line":89,"column":1}},{"start":{},"end":{}}]}},"s":{"0":6,"1":6,"2":6,"3":6,"4":6,"5":6,"6":6,"7":6,"8":6,"9":32,"10":32,"11":32,"12":6,"13":12,"14":12,"15":6,"16":6,"17":6,"18":6,"19":2,"20":0,"21":10,"22":8,"23":0,"24":6,"25":6},"f":{"0":32,"1":12,"2":6,"3":2,"4":0,"5":10,"6":8,"7":0},"b":{"0":[32,32],"1":[0,12],"2":[12,12],"3":[12,11],"4":[0,12],"5":[12,12],"6":[6,0]}}
,"/home/msk/Desktop/vs_code/hackathon/founder-brain-backend/src/config/monitoringConfig.ts": {"path":"/home/msk/Desktop/vs_code/hackathon/founder-brain-backend/src/config/monitoringConfig.ts","statementMap":{"0":{"start":{"line":4,"column":13},"end":{"line":37,"column":2}}},"fnMap":{},"branchMap":{"0":{"loc":{"start":{"line":6,"column":12},"end":{"line":6,"column":43}},"type":"binary-expr","locations":[{"start":{"line":6,"column":12},"end":{"line":6,"column":33}},{"start":{"line":6,"column":37},"end":{"line":6,"column":43}}]},"1":{"loc":{"start":{"line":7,"column":13},"end":{"line":7,"column":45}},"type":"binary-expr","locations":[{"start":{"line":7,"column":13},"end":{"line":7,"column":35}},{"start":{"line":7,"column":39},"end":{"line":7,"column":45}}]},"2":{"loc":{"start":{"line":8,"column":9},"end":{"line":8,"column":40}},"type":"binary-expr","locations":[{"start":{"line":8,"column":9},"end":{"line":8,"column":28}},{"start":{"line":8,"column":32},"end":{"line":8,"column":40}}]},"3":{"loc":{"start":{"line":9,"column":24},"end":{"line":9,"column":60}},"type":"binary-expr","locations":[{"start":{"line":9,"column":24},"end":{"line":9,"column":51}},{"start":{"line":9,"column":55},"end":{"line":9,"column":60}}]},"4":{"loc":{"start":{"line":10,"column":23},"end":{"line":10,"column":55}},"type":"binary-expr","locations":[{"start":{"line":10,"column":23},"end":{"line":10,"column":48}},{"start":{"line":10,"column":52},"end":{"line":10,"column":55}}]},"5":{"loc":{"start":{"line":11,"column":28},"end":{"line":11,"column":66}},"type":"binary-expr","locations":[{"start":{"line":11,"column":28},"end":{"line":11,"column":58}},{"start":{"line":11,"column":62},"end":{"line":11,"column":66}}]},"6":{"loc":{"start":{"line":15,"column":10},"end":{"line":15,"column":48}},"type":"binary-expr","locations":[{"start":{"line":15,"column":10},"end":{"line":15,"column":34}},{"start":{"line":15,"column":38},"end":{"line":15,"column":48}}]},"7":{"loc":{"start":{"line":18,"column":25},"end":{"line":18,"column":72}},"type":"binary-expr","locations":[{"start":{"line":18,"column":25},"end":{"line":18,"column":61}},{"start":{"line":18,"column":65},"end":{"line":18,"column":72}}]},"8":{"loc":{"start":{"line":22,"column":21},"end":{"line":22,"column":62}},"type":"binary-expr","locations":[{"start":{"line":22,"column":21},"end":{"line":22,"column":56}},{"start":{"line":22,"column":60},"end":{"line":22,"column":62}}]},"9":{"loc":{"start":{"line":24,"column":28},"end":{"line":24,"column":72}},"type":"binary-expr","locations":[{"start":{"line":24,"column":28},"end":{"line":24,"column":62}},{"start":{"line":24,"column":66},"end":{"line":24,"column":72}}]},"10":{"loc":{"start":{"line":28,"column":16},"end":{"line":28,"column":63}},"type":"binary-expr","locations":[{"start":{"line":28,"column":16},"end":{"line":28,"column":45}},{"start":{"line":28,"column":49},"end":{"line":28,"column":63}}]}},"s":{"0":6},"f":{},"b":{"0":[6,6],"1":[6,6],"2":[6,6],"3":[6,6],"4":[6,6],"5":[6,6],"6":[6,6],"7":[6,6],"8":[6,6],"9":[6,6],"10":[6,6]}}
,"/home/msk/Desktop/vs_code/hackathon/founder-brain-backend/src/config/rateLimitConfig.ts": {"path":"/home/msk/Desktop/vs_code/hackathon/founder-brain-backend/src/config/rateLimitConfig.ts","statementMap":{"0":{"start":{"line":1,"column":0},"end":{"line":1,"column":35}},"1":{"start":{"line":7,"column":13},"end":{"line":46,"column":2}}},"fnMap":{},"branchMap":{"0":{"loc":{"start":{"line":10,"column":14},"end":{"line":10,"column":50}},"type":"binary-expr","locations":[{"start":{"line":10,"column":14},"end":{"line":10,"column":41}},{"start":{"line":10,"column":45},"end":{"line":10,"column":50}}]},"1":{"loc":{"start":{"line":11,"column":9},"end":{"line":11,"column":46}},"type":"binary-expr","locations":[{"start":{"line":11,"column":9},"end":{"line":11,"column":39}},{"start":{"line":11,"column":43},"end":{"line":11,"column":46}}]},"2":{"loc":{"start":{"line":17,"column":9},"end":{"line":17,"column":48}},"type":"binary-expr","locations":[{"start":{"line":17,"column":9},"end":{"line":17,"column":42}},{"start":{"line":17,"column":46},"end":{"line":17,"column":48}}]},"3":{"loc":{"start":{"line":22,"column":9},"end":{"line":22,"column":38}},"type":"binary-expr","locations":[{"start":{"line":22,"column":9},"end":{"line":22,"column":32}},{"start":{"line":22,"column":36},"end":{"line":22,"column":38}}]},"4":{"loc":{"start":{"line":27,"column":21},"end":{"line":27,"column":50}},"type":"binary-expr","locations":[{"start":{"line":27,"column":21},"end":{"line":27,"column":44}},{"start":{"line":27,"column":48},"end":{"line":27,"column":50}}]},"5":{"loc":{"start":{"line":32,"column":9},"end":{"line":32,"column":46}},"type":"binary-expr","locations":[{"start":{"line":32,"column":9},"end":{"line":32,"column":40}},{"start":{"line":32,"column":44},"end":{"line":32,"column":46}}]},"6":{"loc":{"start":{"line":44,"column":9},"end":{"line":44,"column":45}},"type":"binary-expr","locations":[{"start":{"line":44,"column":9},"end":{"line":44,"column":37}},{"start":{"line":44,"column":41},"end":{"line":44,"column":45}}]}},"s":{"0":0,"1":0},"f":{},"b":{"0":[0,0],"1":[0,0],"2":[0,0],"3":[0,0],"4":[0,0],"5":[0,0],"6":[0,0]}}
,"/home/msk/Desktop/vs_code/hackathon/founder-brain-backend/src/config/redis.ts": {"path":"/home/msk/Desktop/vs_code/hackathon/founder-brain-backend/src/config/redis.ts","statementMap":{"0":{"start":{"line":1,"column":0},"end":{"line":1,"column":28}},"1":{"start":{"line":2,"column":0},"end":{"line":2,"column":35}},"2":{"start":{"line":3,"column":0},"end":{"line":3,"column":30}},"3":{"start":{"line":8,"column":13},"end":{"line":19,"column":3}},"4":{"start":{"line":11,"column":18},"end":{"line":11,"column":22}},"5":{"start":{"line":12,"column":4},"end":{"line":15,"column":5}},"6":{"start":{"line":13,"column":6},"end":{"line":13,"column":71}},"7":{"start":{"line":14,"column":6},"end":{"line":14,"column":18}},"8":{"start":{"line":16,"column":4},"end":{"line":16,"column":93}},"9":{"start":{"line":17,"column":4},"end":{"line":17,"column":17}},"10":{"start":{"line":21,"column":0},"end":{"line":23,"column":3}},"11":{"start":{"line":22,"column":2},"end":{"line":22,"column":37}},"12":{"start":{"line":25,"column":0},"end":{"line":27,"column":3}},"13":{"start":{"line":26,"column":2},"end":{"line":26,"column":46}},"14":{"start":{"line":29,"column":0},"end":{"line":31,"column":3}},"15":{"start":{"line":30,"column":2},"end":{"line":30,"column":42}},"16":{"start":{"line":36,"column":31},"end":{"line":43,"column":1}},"17":{"start":{"line":37,"column":2},"end":{"line":42,"column":3}},"18":{"start":{"line":38,"column":4},"end":{"line":38,"column":29}},"19":{"start":{"line":39,"column":4},"end":{"line":39,"column":55}},"20":{"start":{"line":41,"column":4},"end":{"line":41,"column":120}},"21":{"start":{"line":36,"column":13},"end":{"line":36,"column":31}}},"fnMap":{"0":{"name":"(anonymous_1)","decl":{"start":{"line":10,"column":2},"end":{"line":10,"column":15}},"loc":{"start":{"line":10,"column":21},"end":{"line":18,"column":3}}},"1":{"name":"(anonymous_2)","decl":{"start":{"line":21,"column":26},"end":{"line":21,"column":29}},"loc":{"start":{"line":21,"column":31},"end":{"line":23,"column":1}}},"2":{"name":"(anonymous_3)","decl":{"start":{"line":25,"column":24},"end":{"line":25,"column":25}},"loc":{"start":{"line":25,"column":32},"end":{"line":27,"column":1}}},"3":{"name":"(anonymous_4)","decl":{"start":{"line":29,"column":22},"end":{"line":29,"column":25}},"loc":{"start":{"line":29,"column":27},"end":{"line":31,"column":1}}},"4":{"name":"(anonymous_5)","decl":{"start":{"line":36,"column":31},"end":{"line":36,"column":36}},"loc":{"start":{"line":36,"column":57},"end":{"line":43,"column":1}}}},"branchMap":{"0":{"loc":{"start":{"line":12,"column":4},"end":{"line":15,"column":5}},"type":"if","locations":[{"start":{"line":12,"column":4},"end":{"line":15,"column":5}},{"start":{},"end":{}}]},"1":{"loc":{"start":{"line":41,"column":60},"end":{"line":41,"column":116}},"type":"cond-expr","locations":[{"start":{"line":41,"column":85},"end":{"line":41,"column":98}},{"start":{"line":41,"column":101},"end":{"line":41,"column":116}}]}},"s":{"0":0,"1":0,"2":0,"3":0,"4":0,"5":0,"6":0,"7":0,"8":0,"9":0,"10":0,"11":0,"12":0,"13":0,"14":0,"15":0,"16":0,"17":0,"18":0,"19":0,"20":0,"21":0},"f":{"0":0,"1":0,"2":0,"3":0,"4":0},"b":{"0":[0,0],"1":[0,0]}}
,"/home/msk/Desktop/vs_code/hackathon/founder-brain-backend/src/controllers/MeetingController.ts": {"path":"/home/msk/Desktop/vs_code/hackathon/founder-brain-backend/src/controllers/MeetingController.ts","statementMap":{"0":{"start":{"line":5,"column":0},"end":{"line":5,"column":59}},"1":{"start":{"line":6,"column":0},"end":{"line":6,"column":79}},"2":{"start":{"line":7,"column":0},"end":{"line":7,"column":73}},"3":{"start":{"line":8,"column":0},"end":{"line":8,"column":77}},"4":{"start":{"line":9,"column":0},"end":{"line":9,"column":81}},"5":{"start":{"line":16,"column":12},"end":{"line":16,"column":43}},"6":{"start":{"line":17,"column":12},"end":{"line":17,"column":27}},"7":{"start":{"line":18,"column":12},"end":{"line":18,"column":52}},"8":{"start":{"line":24,"column":19},"end":{"line":65,"column":3}},"9":{"start":{"line":25,"column":4},"end":{"line":64,"column":5}},"10":{"start":{"line":26,"column":24},"end":{"line":26,"column":66}},"11":{"start":{"line":28,"column":6},"end":{"line":28,"column":101}},"12":{"start":{"line":30,"column":19},"end":{"line":30,"column":45}},"13":{"start":{"line":32,"column":6},"end":{"line":61,"column":7}},"14":{"start":{"line":33,"column":23},"end":{"line":35,"column":10}},"15":{"start":{"line":34,"column":10},"end":{"line":34,"column":79}},"16":{"start":{"line":37,"column":8},"end":{"line":41,"column":9}},"17":{"start":{"line":38,"column":10},"end":{"line":38,"column":44}},"18":{"start":{"line":39,"column":10},"end":{"line":39,"column":98}},"19":{"start":{"line":40,"column":10},"end":{"line":40,"column":17}},"20":{"start":{"line":43,"column":8},"end":{"line":50,"column":9}},"21":{"start":{"line":44,"column":10},"end":{"line":44,"column":78}},"22":{"start":{"line":44,"column":32},"end":{"line":44,"column":78}},"23":{"start":{"line":45,"column":10},"end":{"line":48,"column":45}},"24":{"start":{"line":49,"column":10},"end":{"line":49,"column":17}},"25":{"start":{"line":52,"column":8},"end":{"line":54,"column":9}},"26":{"start":{"line":53,"column":10},"end":{"line":53,"column":29}},"27":{"start":{"line":56,"column":23},"end":{"line":56,"column":84}},"28":{"start":{"line":57,"column":8},"end":{"line":60,"column":51}},"29":{"start":{"line":63,"column":6},"end":{"line":63,"column":18}},"30":{"start":{"line":70,"column":21},"end":{"line":78,"column":3}},"31":{"start":{"line":71,"column":4},"end":{"line":77,"column":5}},"32":{"start":{"line":72,"column":21},"end":{"line":72,"column":31}},"33":{"start":{"line":73,"column":25},"end":{"line":73,"column":71}},"34":{"start":{"line":74,"column":6},"end":{"line":74,"column":90}},"35":{"start":{"line":76,"column":6},"end":{"line":76,"column":18}},"36":{"start":{"line":83,"column":15},"end":{"line":95,"column":3}},"37":{"start":{"line":84,"column":4},"end":{"line":94,"column":5}},"38":{"start":{"line":85,"column":21},"end":{"line":85,"column":31}},"39":{"start":{"line":86,"column":22},"end":{"line":86,"column":63}},"40":{"start":{"line":87,"column":6},"end":{"line":90,"column":7}},"41":{"start":{"line":88,"column":8},"end":{"line":88,"column":74}},"42":{"start":{"line":89,"column":8},"end":{"line":89,"column":15}},"43":{"start":{"line":91,"column":6},"end":{"line":91,"column":90}},"44":{"start":{"line":93,"column":6},"end":{"line":93,"column":18}},"45":{"start":{"line":99,"column":4},"end":{"line":99,"column":58}},"46":{"start":{"line":105,"column":16},"end":{"line":121,"column":3}},"47":{"start":{"line":106,"column":4},"end":{"line":120,"column":5}},"48":{"start":{"line":107,"column":24},"end":{"line":110,"column":8}},"49":{"start":{"line":112,"column":21},"end":{"line":112,"column":80}},"50":{"start":{"line":114,"column":6},"end":{"line":117,"column":9}},"51":{"start":{"line":119,"column":6},"end":{"line":119,"column":18}},"52":{"start":{"line":126,"column":20},"end":{"line":133,"column":3}},"53":{"start":{"line":127,"column":4},"end":{"line":132,"column":5}},"54":{"start":{"line":128,"column":20},"end":{"line":128,"column":68}},"55":{"start":{"line":129,"column":6},"end":{"line":129,"column":62}},"56":{"start":{"line":131,"column":6},"end":{"line":131,"column":18}},"57":{"start":{"line":138,"column":27},"end":{"line":147,"column":3}},"58":{"start":{"line":139,"column":4},"end":{"line":146,"column":5}},"59":{"start":{"line":140,"column":21},"end":{"line":140,"column":31}},"60":{"start":{"line":141,"column":21},"end":{"line":141,"column":77}},"61":{"start":{"line":143,"column":6},"end":{"line":143,"column":63}},"62":{"start":{"line":145,"column":6},"end":{"line":145,"column":18}},"63":{"start":{"line":14,"column":0},"end":{"line":14,"column":13}}},"fnMap":{"0":{"name":"(anonymous_0)","decl":{"start":{"line":15,"column":2},"end":{"line":15,"column":null}},"loc":{"start":{"line":18,"column":52},"end":{"line":19,"column":6}}},"1":{"name":"(anonymous_1)","decl":{"start":{"line":24,"column":19},"end":{"line":24,"column":24}},"loc":{"start":{"line":24,"column":92},"end":{"line":65,"column":3}}},"2":{"name":"(anonymous_2)","decl":{"start":{"line":33,"column":71},"end":{"line":33,"column":76}},"loc":{"start":{"line":33,"column":82},"end":{"line":35,"column":9}}},"3":{"name":"(anonymous_3)","decl":{"start":{"line":70,"column":21},"end":{"line":70,"column":26}},"loc":{"start":{"line":70,"column":94},"end":{"line":78,"column":3}}},"4":{"name":"(anonymous_4)","decl":{"start":{"line":83,"column":15},"end":{"line":83,"column":20}},"loc":{"start":{"line":83,"column":88},"end":{"line":95,"column":3}}},"5":{"name":"(anonymous_5)","decl":{"start":{"line":98,"column":2},"end":{"line":98,"column":14}},"loc":{"start":{"line":98,"column":31},"end":{"line":100,"column":3}}},"6":{"name":"(anonymous_6)","decl":{"start":{"line":105,"column":16},"end":{"line":105,"column":21}},"loc":{"start":{"line":105,"column":74},"end":{"line":121,"column":3}}},"7":{"name":"(anonymous_7)","decl":{"start":{"line":126,"column":20},"end":{"line":126,"column":25}},"loc":{"start":{"line":126,"column":78},"end":{"line":133,"column":3}}},"8":{"name":"(anonymous_8)","decl":{"start":{"line":138,"column":27},"end":{"line":138,"column":32}},"loc":{"start":{"line":138,"column":85},"end":{"line":147,"column":3}}}},"branchMap":{"0":{"loc":{"start":{"line":32,"column":6},"end":{"line":61,"column":7}},"type":"if","locations":[{"start":{"line":32,"column":6},"end":{"line":61,"column":7}},{"start":{"line":55,"column":13},"end":{"line":61,"column":7}}]},"1":{"loc":{"start":{"line":32,"column":10},"end":{"line":32,"column":40}},"type":"binary-expr","locations":[{"start":{"line":32,"column":10},"end":{"line":32,"column":33}},{"start":{"line":32,"column":37},"end":{"line":32,"column":40}}]},"2":{"loc":{"start":{"line":37,"column":8},"end":{"line":41,"column":9}},"type":"if","locations":[{"start":{"line":37,"column":8},"end":{"line":41,"column":9}},{"start":{},"end":{}}]},"3":{"loc":{"start":{"line":43,"column":8},"end":{"line":50,"column":9}},"type":"if","locations":[{"start":{"line":43,"column":8},"end":{"line":50,"column":9}},{"start":{},"end":{}}]},"4":{"loc":{"start":{"line":44,"column":10},"end":{"line":44,"column":78}},"type":"if","locations":[{"start":{"line":44,"column":10},"end":{"line":44,"column":78}},{"start":{},"end":{}}]},"5":{"loc":{"start":{"line":52,"column":8},"end":{"line":54,"column":9}},"type":"if","locations":[{"start":{"line":52,"column":8},"end":{"line":54,"column":9}},{"start":{},"end":{}}]},"6":{"loc":{"start":{"line":87,"column":6},"end":{"line":90,"column":7}},"type":"if","locations":[{"start":{"line":87,"column":6},"end":{"line":90,"column":7}},{"start":{},"end":{}}]}},"s":{"0":1,"1":1,"2":1,"3":1,"4":1,"5":1,"6":1,"7":1,"8":1,"9":3,"10":3,"11":3,"12":3,"13":3,"14":3,"15":2,"16":3,"17":0,"18":0,"19":0,"20":3,"21":3,"22":1,"23":3,"24":3,"25":0,"26":0,"27":0,"28":0,"29":0,"30":1,"31":0,"32":0,"33":0,"34":0,"35":0,"36":1,"37":0,"38":0,"39":0,"40":0,"41":0,"42":0,"43":0,"44":0,"45":0,"46":1,"47":1,"48":1,"49":1,"50":1,"51":0,"52":1,"53":0,"54":0,"55":0,"56":0,"57":1,"58":0,"59":0,"60":0,"61":0,"62":0,"63":1},"f":{"0":1,"1":3,"2":2,"3":0,"4":0,"5":0,"6":1,"7":0,"8":0},"b":{"0":[3,0],"1":[3,3],"2":[0,3],"3":[3,0],"4":[1,2],"5":[0,0],"6":[0,0]}}
,"/home/msk/Desktop/vs_code/hackathon/founder-brain-backend/src/controllers/NotificationController.ts": {"path":"/home/msk/Desktop/vs_code/hackathon/founder-brain-backend/src/controllers/NotificationController.ts","statementMap":{"0":{"start":{"line":3,"column":0},"end":{"line":3,"column":59}},"1":{"start":{"line":6,"column":22},"end":{"line":6,"column":63}},"2":{"start":{"line":8,"column":21},"end":{"line":23,"column":3}},"3":{"start":{"line":9,"column":4},"end":{"line":22,"column":5}},"4":{"start":{"line":10,"column":21},"end":{"line":10,"column":47}},"5":{"start":{"line":11,"column":19},"end":{"line":11,"column":58}},"6":{"start":{"line":12,"column":20},"end":{"line":12,"column":61}},"7":{"start":{"line":14,"column":6},"end":{"line":16,"column":7}},"8":{"start":{"line":15,"column":8},"end":{"line":15,"column":77}},"9":{"start":{"line":18,"column":21},"end":{"line":18,"column":93}},"10":{"start":{"line":19,"column":6},"end":{"line":19,"column":63}},"11":{"start":{"line":21,"column":6},"end":{"line":21,"column":18}},"12":{"start":{"line":25,"column":19},"end":{"line":35,"column":3}},"13":{"start":{"line":26,"column":4},"end":{"line":34,"column":5}},"14":{"start":{"line":27,"column":21},"end":{"line":27,"column":47}},"15":{"start":{"line":28,"column":6},"end":{"line":28,"column":88}},"16":{"start":{"line":28,"column":19},"end":{"line":28,"column":88}},"17":{"start":{"line":30,"column":20},"end":{"line":30,"column":73}},"18":{"start":{"line":31,"column":6},"end":{"line":31,"column":66}},"19":{"start":{"line":33,"column":6},"end":{"line":33,"column":18}},"20":{"start":{"line":37,"column":15},"end":{"line":48,"column":3}},"21":{"start":{"line":38,"column":4},"end":{"line":47,"column":5}},"22":{"start":{"line":39,"column":21},"end":{"line":39,"column":31}},"23":{"start":{"line":40,"column":21},"end":{"line":40,"column":36}},"24":{"start":{"line":41,"column":6},"end":{"line":41,"column":88}},"25":{"start":{"line":41,"column":19},"end":{"line":41,"column":88}},"26":{"start":{"line":43,"column":6},"end":{"line":43,"column":60}},"27":{"start":{"line":44,"column":6},"end":{"line":44,"column":92}},"28":{"start":{"line":46,"column":6},"end":{"line":46,"column":18}},"29":{"start":{"line":50,"column":18},"end":{"line":60,"column":3}},"30":{"start":{"line":51,"column":4},"end":{"line":59,"column":5}},"31":{"start":{"line":52,"column":21},"end":{"line":52,"column":36}},"32":{"start":{"line":53,"column":6},"end":{"line":53,"column":88}},"33":{"start":{"line":53,"column":19},"end":{"line":53,"column":88}},"34":{"start":{"line":55,"column":20},"end":{"line":55,"column":72}},"35":{"start":{"line":56,"column":6},"end":{"line":56,"column":117}},"36":{"start":{"line":58,"column":6},"end":{"line":58,"column":18}},"37":{"start":{"line":5,"column":0},"end":{"line":5,"column":13}}},"fnMap":{"0":{"name":"(anonymous_0)","decl":{"start":{"line":6,"column":2},"end":{"line":6,"column":22}},"loc":{"start":{"line":6,"column":63},"end":{"line":6,"column":67}}},"1":{"name":"(anonymous_1)","decl":{"start":{"line":8,"column":21},"end":{"line":8,"column":26}},"loc":{"start":{"line":8,"column":79},"end":{"line":23,"column":3}}},"2":{"name":"(anonymous_2)","decl":{"start":{"line":25,"column":19},"end":{"line":25,"column":24}},"loc":{"start":{"line":25,"column":77},"end":{"line":35,"column":3}}},"3":{"name":"(anonymous_3)","decl":{"start":{"line":37,"column":15},"end":{"line":37,"column":20}},"loc":{"start":{"line":37,"column":73},"end":{"line":48,"column":3}}},"4":{"name":"(anonymous_4)","decl":{"start":{"line":50,"column":18},"end":{"line":50,"column":23}},"loc":{"start":{"line":50,"column":76},"end":{"line":60,"column":3}}}},"branchMap":{"0":{"loc":{"start":{"line":11,"column":19},"end":{"line":11,"column":58}},"type":"binary-expr","locations":[{"start":{"line":11,"column":19},"end":{"line":11,"column":53}},{"start":{"line":11,"column":57},"end":{"line":11,"column":58}}]},"1":{"loc":{"start":{"line":12,"column":20},"end":{"line":12,"column":61}},"type":"binary-expr","locations":[{"start":{"line":12,"column":20},"end":{"line":12,"column":55}},{"start":{"line":12,"column":59},"end":{"line":12,"column":61}}]},"2":{"loc":{"start":{"line":14,"column":6},"end":{"line":16,"column":7}},"type":"if","locations":[{"start":{"line":14,"column":6},"end":{"line":16,"column":7}},{"start":{},"end":{}}]},"3":{"loc":{"start":{"line":28,"column":6},"end":{"line":28,"column":88}},"type":"if","locations":[{"start":{"line":28,"column":6},"end":{"line":28,"column":88}},{"start":{},"end":{}}]},"4":{"loc":{"start":{"line":41,"column":6},"end":{"line":41,"column":88}},"type":"if","locations":[{"start":{"line":41,"column":6},"end":{"line":41,"column":88}},{"start":{},"end":{}}]},"5":{"loc":{"start":{"line":53,"column":6},"end":{"line":53,"column":88}},"type":"if","locations":[{"start":{"line":53,"column":6},"end":{"line":53,"column":88}},{"start":{},"end":{}}]}},"s":{"0":1,"1":1,"2":1,"3":0,"4":0,"5":0,"6":0,"7":0,"8":0,"9":0,"10":0,"11":0,"12":1,"13":0,"14":0,"15":0,"16":0,"17":0,"18":0,"19":0,"20":1,"21":0,"22":0,"23":0,"24":0,"25":0,"26":0,"27":0,"28":0,"29":1,"30":0,"31":0,"32":0,"33":0,"34":0,"35":0,"36":0,"37":1},"f":{"0":1,"1":0,"2":0,"3":0,"4":0},"b":{"0":[0,0],"1":[0,0],"2":[0,0],"3":[0,0],"4":[0,0],"5":[0,0]}}
,"/home/msk/Desktop/vs_code/hackathon/founder-brain-backend/src/controllers/QueryController.ts": {"path":"/home/msk/Desktop/vs_code/hackathon/founder-brain-backend/src/controllers/QueryController.ts","statementMap":{"0":{"start":{"line":4,"column":0},"end":{"line":4,"column":59}},"1":{"start":{"line":5,"column":0},"end":{"line":5,"column":73}},"2":{"start":{"line":6,"column":0},"end":{"line":6,"column":67}},"3":{"start":{"line":13,"column":12},"end":{"line":13,"column":39}},"4":{"start":{"line":14,"column":12},"end":{"line":14,"column":27}},"5":{"start":{"line":20,"column":16},"end":{"line":38,"column":3}},"6":{"start":{"line":21,"column":4},"end":{"line":37,"column":5}},"7":{"start":{"line":22,"column":24},"end":{"line":22,"column":64}},"8":{"start":{"line":24,"column":6},"end":{"line":24,"column":84}},"9":{"start":{"line":26,"column":21},"end":{"line":28,"column":8}},"10":{"start":{"line":30,"column":26},"end":{"line":33,"column":8}},"11":{"start":{"line":34,"column":6},"end":{"line":34,"column":68}},"12":{"start":{"line":36,"column":6},"end":{"line":36,"column":18}},"13":{"start":{"line":43,"column":19},"end":{"line":57,"column":3}},"14":{"start":{"line":44,"column":4},"end":{"line":56,"column":5}},"15":{"start":{"line":45,"column":26},"end":{"line":51,"column":8}},"16":{"start":{"line":53,"column":6},"end":{"line":53,"column":72}},"17":{"start":{"line":55,"column":6},"end":{"line":55,"column":18}},"18":{"start":{"line":11,"column":0},"end":{"line":11,"column":13}}},"fnMap":{"0":{"name":"(anonymous_0)","decl":{"start":{"line":12,"column":2},"end":{"line":12,"column":null}},"loc":{"start":{"line":14,"column":27},"end":{"line":15,"column":6}}},"1":{"name":"(anonymous_1)","decl":{"start":{"line":20,"column":16},"end":{"line":20,"column":21}},"loc":{"start":{"line":20,"column":74},"end":{"line":38,"column":3}}},"2":{"name":"(anonymous_2)","decl":{"start":{"line":43,"column":19},"end":{"line":43,"column":24}},"loc":{"start":{"line":43,"column":77},"end":{"line":57,"column":3}}}},"branchMap":{},"s":{"0":1,"1":1,"2":1,"3":1,"4":1,"5":1,"6":0,"7":0,"8":0,"9":0,"10":0,"11":0,"12":0,"13":1,"14":0,"15":0,"16":0,"17":0,"18":1},"f":{"0":1,"1":0,"2":0},"b":{}}
,"/home/msk/Desktop/vs_code/hackathon/founder-brain-backend/src/controllers/TaskController.ts": {"path":"/home/msk/Desktop/vs_code/hackathon/founder-brain-backend/src/controllers/TaskController.ts","statementMap":{"0":{"start":{"line":5,"column":0},"end":{"line":5,"column":59}},"1":{"start":{"line":6,"column":0},"end":{"line":6,"column":72}},"2":{"start":{"line":7,"column":0},"end":{"line":7,"column":70}},"3":{"start":{"line":9,"column":0},"end":{"line":9,"column":75}},"4":{"start":{"line":16,"column":12},"end":{"line":16,"column":37}},"5":{"start":{"line":17,"column":12},"end":{"line":17,"column":27}},"6":{"start":{"line":18,"column":12},"end":{"line":18,"column":52}},"7":{"start":{"line":24,"column":13},"end":{"line":40,"column":3}},"8":{"start":{"line":25,"column":4},"end":{"line":39,"column":5}},"9":{"start":{"line":26,"column":24},"end":{"line":29,"column":8}},"10":{"start":{"line":31,"column":21},"end":{"line":31,"column":88}},"11":{"start":{"line":33,"column":6},"end":{"line":36,"column":9}},"12":{"start":{"line":38,"column":6},"end":{"line":38,"column":18}},"13":{"start":{"line":45,"column":22},"end":{"line":53,"column":3}},"14":{"start":{"line":46,"column":4},"end":{"line":52,"column":5}},"15":{"start":{"line":47,"column":22},"end":{"line":47,"column":69}},"16":{"start":{"line":48,"column":26},"end":{"line":48,"column":61}},"17":{"start":{"line":49,"column":6},"end":{"line":49,"column":68}},"18":{"start":{"line":51,"column":6},"end":{"line":51,"column":18}},"19":{"start":{"line":58,"column":16},"end":{"line":67,"column":3}},"20":{"start":{"line":59,"column":4},"end":{"line":66,"column":5}},"21":{"start":{"line":60,"column":21},"end":{"line":60,"column":31}},"22":{"start":{"line":61,"column":19},"end":{"line":61,"column":57}},"23":{"start":{"line":63,"column":6},"end":{"line":63,"column":61}},"24":{"start":{"line":65,"column":6},"end":{"line":65,"column":18}},"25":{"start":{"line":72,"column":17},"end":{"line":112,"column":3}},"26":{"start":{"line":73,"column":4},"end":{"line":111,"column":5}},"27":{"start":{"line":74,"column":21},"end":{"line":74,"column":31}},"28":{"start":{"line":75,"column":22},"end":{"line":75,"column":45}},"29":{"start":{"line":76,"column":22},"end":{"line":76,"column":82}},"30":{"start":{"line":78,"column":6},"end":{"line":80,"column":7}},"31":{"start":{"line":79,"column":8},"end":{"line":79,"column":132}},"32":{"start":{"line":82,"column":19},"end":{"line":82,"column":45}},"33":{"start":{"line":84,"column":6},"end":{"line":108,"column":7}},"34":{"start":{"line":85,"column":23},"end":{"line":87,"column":10}},"35":{"start":{"line":86,"column":10},"end":{"line":86,"column":66}},"36":{"start":{"line":89,"column":8},"end":{"line":92,"column":9}},"37":{"start":{"line":90,"column":10},"end":{"line":90,"column":44}},"38":{"start":{"line":91,"column":10},"end":{"line":91,"column":105}},"39":{"start":{"line":94,"column":8},"end":{"line":99,"column":9}},"40":{"start":{"line":95,"column":23},"end":{"line":95,"column":57}},"41":{"start":{"line":96,"column":10},"end":{"line":96,"column":78}},"42":{"start":{"line":96,"column":32},"end":{"line":96,"column":78}},"43":{"start":{"line":97,"column":10},"end":{"line":97,"column":57}},"44":{"start":{"line":98,"column":10},"end":{"line":98,"column":94}},"45":{"start":{"line":101,"column":8},"end":{"line":103,"column":9}},"46":{"start":{"line":102,"column":10},"end":{"line":102,"column":29}},"47":{"start":{"line":105,"column":28},"end":{"line":105,"column":76}},"48":{"start":{"line":106,"column":8},"end":{"line":106,"column":62}},"49":{"start":{"line":107,"column":8},"end":{"line":107,"column":99}},"50":{"start":{"line":110,"column":6},"end":{"line":110,"column":18}},"51":{"start":{"line":117,"column":15},"end":{"line":159,"column":3}},"52":{"start":{"line":118,"column":4},"end":{"line":158,"column":5}},"53":{"start":{"line":119,"column":21},"end":{"line":119,"column":31}},"54":{"start":{"line":120,"column":24},"end":{"line":120,"column":63}},"55":{"start":{"line":122,"column":22},"end":{"line":122,"column":45}},"56":{"start":{"line":123,"column":22},"end":{"line":123,"column":82}},"57":{"start":{"line":125,"column":6},"end":{"line":127,"column":7}},"58":{"start":{"line":126,"column":8},"end":{"line":126,"column":132}},"59":{"start":{"line":129,"column":19},"end":{"line":129,"column":45}},"60":{"start":{"line":131,"column":6},"end":{"line":155,"column":7}},"61":{"start":{"line":132,"column":23},"end":{"line":134,"column":10}},"62":{"start":{"line":133,"column":10},"end":{"line":133,"column":75}},"63":{"start":{"line":136,"column":8},"end":{"line":139,"column":9}},"64":{"start":{"line":137,"column":10},"end":{"line":137,"column":44}},"65":{"start":{"line":138,"column":10},"end":{"line":138,"column":105}},"66":{"start":{"line":141,"column":8},"end":{"line":146,"column":9}},"67":{"start":{"line":142,"column":23},"end":{"line":142,"column":57}},"68":{"start":{"line":143,"column":10},"end":{"line":143,"column":78}},"69":{"start":{"line":143,"column":32},"end":{"line":143,"column":78}},"70":{"start":{"line":144,"column":10},"end":{"line":144,"column":57}},"71":{"start":{"line":145,"column":10},"end":{"line":145,"column":95}},"72":{"start":{"line":148,"column":8},"end":{"line":150,"column":9}},"73":{"start":{"line":149,"column":10},"end":{"line":149,"column":29}},"74":{"start":{"line":152,"column":28},"end":{"line":152,"column":85}},"75":{"start":{"line":153,"column":8},"end":{"line":153,"column":62}},"76":{"start":{"line":154,"column":8},"end":{"line":154,"column":100}},"77":{"start":{"line":157,"column":6},"end":{"line":157,"column":18}},"78":{"start":{"line":14,"column":0},"end":{"line":14,"column":13}}},"fnMap":{"0":{"name":"(anonymous_0)","decl":{"start":{"line":15,"column":2},"end":{"line":15,"column":null}},"loc":{"start":{"line":18,"column":52},"end":{"line":19,"column":6}}},"1":{"name":"(anonymous_1)","decl":{"start":{"line":24,"column":13},"end":{"line":24,"column":18}},"loc":{"start":{"line":24,"column":71},"end":{"line":40,"column":3}}},"2":{"name":"(anonymous_2)","decl":{"start":{"line":45,"column":22},"end":{"line":45,"column":27}},"loc":{"start":{"line":45,"column":80},"end":{"line":53,"column":3}}},"3":{"name":"(anonymous_3)","decl":{"start":{"line":58,"column":16},"end":{"line":58,"column":21}},"loc":{"start":{"line":58,"column":74},"end":{"line":67,"column":3}}},"4":{"name":"(anonymous_4)","decl":{"start":{"line":72,"column":17},"end":{"line":72,"column":22}},"loc":{"start":{"line":72,"column":75},"end":{"line":112,"column":3}}},"5":{"name":"(anonymous_5)","decl":{"start":{"line":85,"column":71},"end":{"line":85,"column":76}},"loc":{"start":{"line":85,"column":82},"end":{"line":87,"column":9}}},"6":{"name":"(anonymous_6)","decl":{"start":{"line":117,"column":15},"end":{"line":117,"column":20}},"loc":{"start":{"line":117,"column":73},"end":{"line":159,"column":3}}},"7":{"name":"(anonymous_7)","decl":{"start":{"line":132,"column":71},"end":{"line":132,"column":76}},"loc":{"start":{"line":132,"column":82},"end":{"line":134,"column":9}}}},"branchMap":{"0":{"loc":{"start":{"line":76,"column":22},"end":{"line":76,"column":82}},"type":"cond-expr","locations":[{"start":{"line":76,"column":32},"end":{"line":76,"column":63}},{"start":{"line":76,"column":66},"end":{"line":76,"column":82}}]},"1":{"loc":{"start":{"line":78,"column":6},"end":{"line":80,"column":7}},"type":"if","locations":[{"start":{"line":78,"column":6},"end":{"line":80,"column":7}},{"start":{},"end":{}}]},"2":{"loc":{"start":{"line":78,"column":10},"end":{"line":78,"column":49}},"type":"binary-expr","locations":[{"start":{"line":78,"column":10},"end":{"line":78,"column":31}},{"start":{"line":78,"column":35},"end":{"line":78,"column":49}}]},"3":{"loc":{"start":{"line":84,"column":6},"end":{"line":108,"column":7}},"type":"if","locations":[{"start":{"line":84,"column":6},"end":{"line":108,"column":7}},{"start":{"line":104,"column":13},"end":{"line":108,"column":7}}]},"4":{"loc":{"start":{"line":84,"column":10},"end":{"line":84,"column":40}},"type":"binary-expr","locations":[{"start":{"line":84,"column":10},"end":{"line":84,"column":33}},{"start":{"line":84,"column":37},"end":{"line":84,"column":40}}]},"5":{"loc":{"start":{"line":89,"column":8},"end":{"line":92,"column":9}},"type":"if","locations":[{"start":{"line":89,"column":8},"end":{"line":92,"column":9}},{"start":{},"end":{}}]},"6":{"loc":{"start":{"line":94,"column":8},"end":{"line":99,"column":9}},"type":"if","locations":[{"start":{"line":94,"column":8},"end":{"line":99,"column":9}},{"start":{},"end":{}}]},"7":{"loc":{"start":{"line":96,"column":10},"end":{"line":96,"column":78}},"type":"if","locations":[{"start":{"line":96,"column":10},"end":{"line":96,"column":78}},{"start":{},"end":{}}]},"8":{"loc":{"start":{"line":101,"column":8},"end":{"line":103,"column":9}},"type":"if","locations":[{"start":{"line":101,"column":8},"end":{"line":103,"column":9}},{"start":{},"end":{}}]},"9":{"loc":{"start":{"line":123,"column":22},"end":{"line":123,"column":82}},"type":"cond-expr","locations":[{"start":{"line":123,"column":32},"end":{"line":123,"column":63}},{"start":{"line":123,"column":66},"end":{"line":123,"column":82}}]},"10":{"loc":{"start":{"line":125,"column":6},"end":{"line":127,"column":7}},"type":"if","locations":[{"start":{"line":125,"column":6},"end":{"line":127,"column":7}},{"start":{},"end":{}}]},"11":{"loc":{"start":{"line":125,"column":10},"end":{"line":125,"column":49}},"type":"binary-expr","locations":[{"start":{"line":125,"column":10},"end":{"line":125,"column":31}},{"start":{"line":125,"column":35},"end":{"line":125,"column":49}}]},"12":{"loc":{"start":{"line":131,"column":6},"end":{"line":155,"column":7}},"type":"if","locations":[{"start":{"line":131,"column":6},"end":{"line":155,"column":7}},{"start":{"line":151,"column":13},"end":{"line":155,"column":7}}]},"13":{"loc":{"start":{"line":131,"column":10},"end":{"line":131,"column":40}},"type":"binary-expr","locations":[{"start":{"line":131,"column":10},"end":{"line":131,"column":33}},{"start":{"line":131,"column":37},"end":{"line":131,"column":40}}]},"14":{"loc":{"start":{"line":136,"column":8},"end":{"line":139,"column":9}},"type":"if","locations":[{"start":{"line":136,"column":8},"end":{"line":139,"column":9}},{"start":{},"end":{}}]},"15":{"loc":{"start":{"line":141,"column":8},"end":{"line":146,"column":9}},"type":"if","locations":[{"start":{"line":141,"column":8},"end":{"line":146,"column":9}},{"start":{},"end":{}}]},"16":{"loc":{"start":{"line":143,"column":10},"end":{"line":143,"column":78}},"type":"if","locations":[{"start":{"line":143,"column":10},"end":{"line":143,"column":78}},{"start":{},"end":{}}]},"17":{"loc":{"start":{"line":148,"column":8},"end":{"line":150,"column":9}},"type":"if","locations":[{"start":{"line":148,"column":8},"end":{"line":150,"column":9}},{"start":{},"end":{}}]}},"s":{"0":1,"1":1,"2":1,"3":1,"4":1,"5":1,"6":1,"7":1,"8":0,"9":0,"10":0,"11":0,"12":0,"13":1,"14":0,"15":0,"16":0,"17":0,"18":0,"19":1,"20":0,"21":0,"22":0,"23":0,"24":0,"25":1,"26":0,"27":0,"28":0,"29":0,"30":0,"31":0,"32":0,"33":0,"34":0,"35":0,"36":0,"37":0,"38":0,"39":0,"40":0,"41":0,"42":0,"43":0,"44":0,"45":0,"46":0,"47":0,"48":0,"49":0,"50":0,"51":1,"52":0,"53":0,"54":0,"55":0,"56":0,"57":0,"58":0,"59":0,"60":0,"61":0,"62":0,"63":0,"64":0,"65":0,"66":0,"67":0,"68":0,"69":0,"70":0,"71":0,"72":0,"73":0,"74":0,"75":0,"76":0,"77":0,"78":1},"f":{"0":1,"1":0,"2":0,"3":0,"4":0,"5":0,"6":0,"7":0},"b":{"0":[0,0],"1":[0,0],"2":[0,0],"3":[0,0],"4":[0,0],"5":[0,0],"6":[0,0],"7":[0,0],"8":[0,0],"9":[0,0],"10":[0,0],"11":[0,0],"12":[0,0],"13":[0,0],"14":[0,0],"15":[0,0],"16":[0,0],"17":[0,0]}}
,"/home/msk/Desktop/vs_code/hackathon/founder-brain-backend/src/docs/swagger.ts": {"path":"/home/msk/Desktop/vs_code/hackathon/founder-brain-backend/src/docs/swagger.ts","statementMap":{"0":{"start":{"line":1,"column":0},"end":{"line":1,"column":41}},"1":{"start":{"line":2,"column":0},"end":{"line":2,"column":43}},"2":{"start":{"line":4,"column":38},"end":{"line":82,"column":2}},"3":{"start":{"line":84,"column":13},"end":{"line":84,"column":49}}},"fnMap":{},"branchMap":{},"s":{"0":1,"1":1,"2":1,"3":1},"f":{},"b":{}}
,"/home/msk/Desktop/vs_code/hackathon/founder-brain-backend/src/dtos/base/ApiResponse.dto.ts": {"path":"/home/msk/Desktop/vs_code/hackathon/founder-brain-backend/src/dtos/base/ApiResponse.dto.ts","statementMap":{"0":{"start":{"line":15,"column":4},"end":{"line":15,"column":27}},"1":{"start":{"line":16,"column":4},"end":{"line":16,"column":21}},"2":{"start":{"line":17,"column":4},"end":{"line":17,"column":27}},"3":{"start":{"line":18,"column":4},"end":{"line":18,"column":46}},"4":{"start":{"line":19,"column":4},"end":{"line":19,"column":63}},"5":{"start":{"line":20,"column":4},"end":{"line":20,"column":33}},"6":{"start":{"line":27,"column":4},"end":{"line":27,"column":48}},"7":{"start":{"line":34,"column":4},"end":{"line":34,"column":54}},"8":{"start":{"line":41,"column":4},"end":{"line":41,"column":54}},"9":{"start":{"line":6,"column":0},"end":{"line":6,"column":13}}},"fnMap":{"0":{"name":"(anonymous_0)","decl":{"start":{"line":14,"column":2},"end":{"line":14,"column":14}},"loc":{"start":{"line":14,"column":96},"end":{"line":21,"column":3}}},"1":{"name":"(anonymous_1)","decl":{"start":{"line":26,"column":2},"end":{"line":26,"column":8}},"loc":{"start":{"line":26,"column":45},"end":{"line":28,"column":3}}},"2":{"name":"(anonymous_2)","decl":{"start":{"line":33,"column":2},"end":{"line":33,"column":8}},"loc":{"start":{"line":33,"column":74},"end":{"line":35,"column":3}}},"3":{"name":"(anonymous_3)","decl":{"start":{"line":40,"column":2},"end":{"line":40,"column":8}},"loc":{"start":{"line":40,"column":51},"end":{"line":42,"column":3}}}},"branchMap":{"0":{"loc":{"start":{"line":14,"column":23},"end":{"line":14,"column":46}},"type":"default-arg","locations":[{"start":{"line":14,"column":42},"end":{"line":14,"column":46}}]},"1":{"loc":{"start":{"line":40,"column":35},"end":{"line":40,"column":51}},"type":"default-arg","locations":[{"start":{"line":40,"column":47},"end":{"line":40,"column":51}}]}},"s":{"0":4,"1":4,"2":4,"3":4,"4":4,"5":4,"6":3,"7":1,"8":0,"9":1},"f":{"0":4,"1":3,"2":1,"3":0},"b":{"0":[0],"1":[0]}}
,"/home/msk/Desktop/vs_code/hackathon/founder-brain-backend/src/dtos/base/Error.dto.ts": {"path":"/home/msk/Desktop/vs_code/hackathon/founder-brain-backend/src/dtos/base/Error.dto.ts","statementMap":{"0":{"start":{"line":17,"column":33},"end":{"line":32,"column":2}},"1":{"start":{"line":24,"column":19},"end":{"line":32,"column":2}},"2":{"start":{"line":17,"column":13},"end":{"line":17,"column":33}}},"fnMap":{"0":{"name":"(anonymous_0)","decl":{"start":{"line":17,"column":33},"end":{"line":17,"column":null}},"loc":{"start":{"line":24,"column":19},"end":{"line":32,"column":2}}}},"branchMap":{},"s":{"0":1,"1":0,"2":1},"f":{"0":0},"b":{}}
,"/home/msk/Desktop/vs_code/hackathon/founder-brain-backend/src/dtos/base/Pagination.dto.ts": {"path":"/home/msk/Desktop/vs_code/hackathon/founder-brain-backend/src/dtos/base/Pagination.dto.ts","statementMap":{"0":{"start":{"line":1,"column":0},"end":{"line":1,"column":24}},"1":{"start":{"line":6,"column":13},"end":{"line":11,"column":3}},"2":{"start":{"line":7,"column":30},"end":{"line":7,"column":46}},"3":{"start":{"line":8,"column":31},"end":{"line":8,"column":48}}},"fnMap":{"0":{"name":"(anonymous_0)","decl":{"start":{"line":7,"column":21},"end":{"line":7,"column":22}},"loc":{"start":{"line":7,"column":30},"end":{"line":7,"column":46}}},"1":{"name":"(anonymous_1)","decl":{"start":{"line":8,"column":22},"end":{"line":8,"column":23}},"loc":{"start":{"line":8,"column":31},"end":{"line":8,"column":48}}}},"branchMap":{"0":{"loc":{"start":{"line":7,"column":37},"end":{"line":7,"column":45}},"type":"binary-expr","locations":[{"start":{"line":7,"column":37},"end":{"line":7,"column":40}},{"start":{"line":7,"column":44},"end":{"line":7,"column":45}}]},"1":{"loc":{"start":{"line":8,"column":38},"end":{"line":8,"column":47}},"type":"binary-expr","locations":[{"start":{"line":8,"column":38},"end":{"line":8,"column":41}},{"start":{"line":8,"column":45},"end":{"line":8,"column":47}}]}},"s":{"0":1,"1":1,"2":1,"3":1},"f":{"0":1,"1":1},"b":{"0":[1,0],"1":[1,0]}}
,"/home/msk/Desktop/vs_code/hackathon/founder-brain-backend/src/dtos/meeting/CreateMeeting.dto.ts": {"path":"/home/msk/Desktop/vs_code/hackathon/founder-brain-backend/src/dtos/meeting/CreateMeeting.dto.ts","statementMap":{"0":{"start":{"line":1,"column":0},"end":{"line":1,"column":24}},"1":{"start":{"line":6,"column":13},"end":{"line":16,"column":3}}},"fnMap":{},"branchMap":{},"s":{"0":1,"1":1},"f":{},"b":{}}
,"/home/msk/Desktop/vs_code/hackathon/founder-brain-backend/src/dtos/meeting/MeetingFilters.dto.ts": {"path":"/home/msk/Desktop/vs_code/hackathon/founder-brain-backend/src/dtos/meeting/MeetingFilters.dto.ts","statementMap":{"0":{"start":{"line":1,"column":0},"end":{"line":1,"column":24}},"1":{"start":{"line":2,"column":0},"end":{"line":2,"column":63}},"2":{"start":{"line":7,"column":13},"end":{"line":13,"column":3}}},"fnMap":{},"branchMap":{},"s":{"0":1,"1":1,"2":1},"f":{},"b":{}}
,"/home/msk/Desktop/vs_code/hackathon/founder-brain-backend/src/dtos/meeting/MeetingResponse.dto.ts": {"path":"/home/msk/Desktop/vs_code/hackathon/founder-brain-backend/src/dtos/meeting/MeetingResponse.dto.ts","statementMap":{"0":{"start":{"line":22,"column":4},"end":{"line":22,"column":33}},"1":{"start":{"line":23,"column":4},"end":{"line":23,"column":31}},"2":{"start":{"line":24,"column":4},"end":{"line":24,"column":37}},"3":{"start":{"line":25,"column":4},"end":{"line":25,"column":41}},"4":{"start":{"line":26,"column":4},"end":{"line":26,"column":51}},"5":{"start":{"line":26,"column":37},"end":{"line":26,"column":49}},"6":{"start":{"line":27,"column":4},"end":{"line":27,"column":49}},"7":{"start":{"line":28,"column":4},"end":{"line":28,"column":47}},"8":{"start":{"line":29,"column":4},"end":{"line":29,"column":27}},"9":{"start":{"line":30,"column":4},"end":{"line":30,"column":41}},"10":{"start":{"line":31,"column":4},"end":{"line":31,"column":53}},"11":{"start":{"line":32,"column":4},"end":{"line":32,"column":33}},"12":{"start":{"line":33,"column":4},"end":{"line":33,"column":49}},"13":{"start":{"line":34,"column":4},"end":{"line":34,"column":49}},"14":{"start":{"line":38,"column":4},"end":{"line":38,"column":39}},"15":{"start":{"line":42,"column":4},"end":{"line":42,"column":56}},"16":{"start":{"line":42,"column":27},"end":{"line":42,"column":54}},"17":{"start":{"line":6,"column":0},"end":{"line":6,"column":13}}},"fnMap":{"0":{"name":"(anonymous_0)","decl":{"start":{"line":21,"column":2},"end":{"line":21,"column":14}},"loc":{"start":{"line":21,"column":35},"end":{"line":35,"column":3}}},"1":{"name":"(anonymous_1)","decl":{"start":{"line":26,"column":32},"end":{"line":26,"column":33}},"loc":{"start":{"line":26,"column":37},"end":{"line":26,"column":49}}},"2":{"name":"(anonymous_2)","decl":{"start":{"line":37,"column":2},"end":{"line":37,"column":8}},"loc":{"start":{"line":37,"column":43},"end":{"line":39,"column":3}}},"3":{"name":"(anonymous_3)","decl":{"start":{"line":41,"column":2},"end":{"line":41,"column":8}},"loc":{"start":{"line":41,"column":47},"end":{"line":43,"column":3}}},"4":{"name":"(anonymous_4)","decl":{"start":{"line":42,"column":20},"end":{"line":42,"column":23}},"loc":{"start":{"line":42,"column":27},"end":{"line":42,"column":54}}}},"branchMap":{"0":{"loc":{"start":{"line":24,"column":19},"end":{"line":24,"column":36}},"type":"binary-expr","locations":[{"start":{"line":24,"column":19},"end":{"line":24,"column":30}},{"start":{"line":24,"column":34},"end":{"line":24,"column":36}}]},"1":{"loc":{"start":{"line":25,"column":21},"end":{"line":25,"column":40}},"type":"binary-expr","locations":[{"start":{"line":25,"column":21},"end":{"line":25,"column":34}},{"start":{"line":25,"column":38},"end":{"line":25,"column":40}}]}},"s":{"0":0,"1":0,"2":0,"3":0,"4":0,"5":0,"6":0,"7":0,"8":0,"9":0,"10":0,"11":0,"12":0,"13":0,"14":0,"15":1,"16":0,"17":1},"f":{"0":0,"1":0,"2":0,"3":1,"4":0},"b":{"0":[0,0],"1":[0,0]}}
,"/home/msk/Desktop/vs_code/hackathon/founder-brain-backend/src/dtos/meeting/MeetingStatus.dto.ts": {"path":"/home/msk/Desktop/vs_code/hackathon/founder-brain-backend/src/dtos/meeting/MeetingStatus.dto.ts","statementMap":{"0":{"start":{"line":16,"column":4},"end":{"line":16,"column":47}},"1":{"start":{"line":17,"column":4},"end":{"line":17,"column":30}},"2":{"start":{"line":18,"column":4},"end":{"line":18,"column":39}},"3":{"start":{"line":19,"column":4},"end":{"line":19,"column":28}},"4":{"start":{"line":20,"column":4},"end":{"line":20,"column":40}},"5":{"start":{"line":21,"column":4},"end":{"line":21,"column":56}},"6":{"start":{"line":22,"column":4},"end":{"line":22,"column":58}},"7":{"start":{"line":23,"column":4},"end":{"line":23,"column":104}},"8":{"start":{"line":24,"column":4},"end":{"line":24,"column":104}},"9":{"start":{"line":4,"column":0},"end":{"line":4,"column":13}}},"fnMap":{"0":{"name":"(anonymous_0)","decl":{"start":{"line":15,"column":2},"end":{"line":15,"column":14}},"loc":{"start":{"line":15,"column":23},"end":{"line":25,"column":3}}}},"branchMap":{"0":{"loc":{"start":{"line":16,"column":21},"end":{"line":16,"column":46}},"type":"binary-expr","locations":[{"start":{"line":16,"column":21},"end":{"line":16,"column":35}},{"start":{"line":16,"column":39},"end":{"line":16,"column":46}}]},"1":{"loc":{"start":{"line":18,"column":20},"end":{"line":18,"column":38}},"type":"binary-expr","locations":[{"start":{"line":18,"column":20},"end":{"line":18,"column":33}},{"start":{"line":18,"column":37},"end":{"line":18,"column":38}}]},"2":{"loc":{"start":{"line":21,"column":24},"end":{"line":21,"column":55}},"type":"binary-expr","locations":[{"start":{"line":21,"column":24},"end":{"line":21,"column":41}},{"start":{"line":21,"column":45},"end":{"line":21,"column":55}}]},"3":{"loc":{"start":{"line":23,"column":21},"end":{"line":23,"column":103}},"type":"cond-expr","locations":[{"start":{"line":23,"column":38},"end":{"line":23,"column":76}},{"start":{"line":23,"column":79},"end":{"line":23,"column":103}}]},"4":{"loc":{"start":{"line":24,"column":21},"end":{"line":24,"column":103}},"type":"cond-expr","locations":[{"start":{"line":24,"column":38},"end":{"line":24,"column":76}},{"start":{"line":24,"column":79},"end":{"line":24,"column":103}}]}},"s":{"0":0,"1":0,"2":0,"3":0,"4":0,"5":0,"6":0,"7":0,"8":0,"9":1},"f":{"0":0},"b":{"0":[0,0],"1":[0,0],"2":[0,0],"3":[0,0],"4":[0,0]}}
,"/home/msk/Desktop/vs_code/hackathon/founder-brain-backend/src/dtos/query/AskQuestion.dto.ts": {"path":"/home/msk/Desktop/vs_code/hackathon/founder-brain-backend/src/dtos/query/AskQuestion.dto.ts","statementMap":{"0":{"start":{"line":1,"column":0},"end":{"line":1,"column":24}},"1":{"start":{"line":6,"column":13},"end":{"line":11,"column":3}}},"fnMap":{},"branchMap":{},"s":{"0":1,"1":1},"f":{},"b":{}}
,"/home/msk/Desktop/vs_code/hackathon/founder-brain-backend/src/dtos/query/QueryResponse.dto.ts": {"path":"/home/msk/Desktop/vs_code/hackathon/founder-brain-backend/src/dtos/query/QueryResponse.dto.ts","statementMap":{"0":{"start":{"line":33,"column":4},"end":{"line":33,"column":34}},"1":{"start":{"line":34,"column":4},"end":{"line":34,"column":30}},"2":{"start":{"line":35,"column":4},"end":{"line":41,"column":8}},"3":{"start":{"line":35,"column":42},"end":{"line":41,"column":6}},"4":{"start":{"line":42,"column":4},"end":{"line":42,"column":38}},"5":{"start":{"line":43,"column":4},"end":{"line":43,"column":50}},"6":{"start":{"line":44,"column":4},"end":{"line":44,"column":53}},"7":{"start":{"line":45,"column":4},"end":{"line":45,"column":47}},"8":{"start":{"line":55,"column":4},"end":{"line":55,"column":107}},"9":{"start":{"line":16,"column":0},"end":{"line":16,"column":13}}},"fnMap":{"0":{"name":"(anonymous_0)","decl":{"start":{"line":25,"column":2},"end":{"line":25,"column":14}},"loc":{"start":{"line":32,"column":3},"end":{"line":46,"column":3}}},"1":{"name":"(anonymous_1)","decl":{"start":{"line":35,"column":36},"end":{"line":35,"column":37}},"loc":{"start":{"line":35,"column":42},"end":{"line":41,"column":6}}},"2":{"name":"(anonymous_2)","decl":{"start":{"line":48,"column":2},"end":{"line":48,"column":8}},"loc":{"start":{"line":53,"column":18},"end":{"line":56,"column":3}}}},"branchMap":{"0":{"loc":{"start":{"line":37,"column":22},"end":{"line":37,"column":54}},"type":"binary-expr","locations":[{"start":{"line":37,"column":22},"end":{"line":37,"column":38}},{"start":{"line":37,"column":42},"end":{"line":37,"column":54}}]},"1":{"loc":{"start":{"line":38,"column":15},"end":{"line":38,"column":68}},"type":"binary-expr","locations":[{"start":{"line":38,"column":15},"end":{"line":38,"column":24}},{"start":{"line":38,"column":29},"end":{"line":38,"column":67}}]},"2":{"loc":{"start":{"line":38,"column":29},"end":{"line":38,"column":67}},"type":"cond-expr","locations":[{"start":{"line":38,"column":38},"end":{"line":38,"column":62}},{"start":{"line":38,"column":65},"end":{"line":38,"column":67}}]},"3":{"loc":{"start":{"line":44,"column":21},"end":{"line":44,"column":52}},"type":"binary-expr","locations":[{"start":{"line":44,"column":21},"end":{"line":44,"column":35}},{"start":{"line":44,"column":39},"end":{"line":44,"column":52}}]}},"s":{"0":0,"1":0,"2":0,"3":0,"4":0,"5":0,"6":0,"7":0,"8":0,"9":1},"f":{"0":0,"1":0,"2":0},"b":{"0":[0,0],"1":[0,0],"2":[0,0],"3":[0,0]}}
,"/home/msk/Desktop/vs_code/hackathon/founder-brain-backend/src/dtos/task/GroupedTasks.dto.ts": {"path":"/home/msk/Desktop/vs_code/hackathon/founder-brain-backend/src/dtos/task/GroupedTasks.dto.ts","statementMap":{"0":{"start":{"line":1,"column":0},"end":{"line":1,"column":53}},"1":{"start":{"line":18,"column":42},"end":{"line":36,"column":1}},"2":{"start":{"line":19,"column":62},"end":{"line":19,"column":64}},"3":{"start":{"line":20,"column":19},"end":{"line":20,"column":20}},"4":{"start":{"line":22,"column":2},"end":{"line":26,"column":5}},"5":{"start":{"line":23,"column":16},"end":{"line":23,"column":37}},"6":{"start":{"line":24,"column":4},"end":{"line":24,"column":67}},"7":{"start":{"line":24,"column":43},"end":{"line":24,"column":65}},"8":{"start":{"line":25,"column":4},"end":{"line":25,"column":31}},"9":{"start":{"line":28,"column":2},"end":{"line":35,"column":4}},"10":{"start":{"line":18,"column":13},"end":{"line":18,"column":42}}},"fnMap":{"0":{"name":"(anonymous_0)","decl":{"start":{"line":18,"column":42},"end":{"line":18,"column":43}},"loc":{"start":{"line":18,"column":107},"end":{"line":36,"column":1}}},"1":{"name":"(anonymous_1)","decl":{"start":{"line":22,"column":39},"end":{"line":22,"column":40}},"loc":{"start":{"line":22,"column":58},"end":{"line":26,"column":3}}},"2":{"name":"(anonymous_2)","decl":{"start":{"line":24,"column":38},"end":{"line":24,"column":39}},"loc":{"start":{"line":24,"column":43},"end":{"line":24,"column":65}}}},"branchMap":{"0":{"loc":{"start":{"line":23,"column":16},"end":{"line":23,"column":37}},"type":"binary-expr","locations":[{"start":{"line":23,"column":16},"end":{"line":23,"column":21}},{"start":{"line":23,"column":25},"end":{"line":23,"column":37}}]}},"s":{"0":1,"1":1,"2":0,"3":0,"4":0,"5":0,"6":0,"7":0,"8":0,"9":0,"10":1},"f":{"0":0,"1":0,"2":0},"b":{"0":[0,0]}}
,"/home/msk/Desktop/vs_code/hackathon/founder-brain-backend/src/dtos/task/TaskFilters.dto.ts": {"path":"/home/msk/Desktop/vs_code/hackathon/founder-brain-backend/src/dtos/task/TaskFilters.dto.ts","statementMap":{"0":{"start":{"line":1,"column":0},"end":{"line":1,"column":24}},"1":{"start":{"line":2,"column":0},"end":{"line":2,"column":63}},"2":{"start":{"line":7,"column":13},"end":{"line":14,"column":3}}},"fnMap":{},"branchMap":{},"s":{"0":1,"1":1,"2":1},"f":{},"b":{}}
[...]
e":2,"column":0},"end":{"line":2,"column":38}},"2":{"start":{"line":8,"column":30},"end":{"line":50,"column":1}},"3":{"start":{"line":12,"column":17},"end":{"line":12,"column":18}},"4":{"start":{"line":14,"column":2},"end":{"line":47,"column":3}},"5":{"start":{"line":15,"column":20},"end":{"line":15,"column":49}},"6":{"start":{"line":17,"column":4},"end":{"line":46,"column":5}},"7":{"start":{"line":18,"column":6},"end":{"line":18,"column":17}},"8":{"start":{"line":19,"column":6},"end":{"line":22,"column":9}},"9":{"start":{"line":24,"column":21},"end":{"line":24,"column":44}},"10":{"start":{"line":26,"column":6},"end":{"line":26,"column":40}},"11":{"start":{"line":27,"column":6},"end":{"line":27,"column":20}},"12":{"start":{"line":29,"column":6},"end":{"line":29,"column":39}},"13":{"start":{"line":31,"column":26},"end":{"line":31,"column":97}},"14":{"start":{"line":32,"column":28},"end":{"line":32,"column":104}},"15":{"start":{"line":34,"column":6},"end":{"line":37,"column":7}},"16":{"start":{"line":35,"column":8},"end":{"line":35,"column":91}},"17":{"start":{"line":36,"column":8},"end":{"line":36,"column":17}},"18":{"start":{"line":39,"column":6},"end":{"line":42,"column":9}},"19":{"start":{"line":43,"column":6},"end":{"line":43,"column":18}},"20":{"start":{"line":45,"column":6},"end":{"line":45,"column":33}},"21":{"start":{"line":49,"column":2},"end":{"line":49,"column":69}},"22":{"start":{"line":8,"column":13},"end":{"line":8,"column":30}}},"fnMap":{"0":{"name":"(anonymous_1)","decl":{"start":{"line":8,"column":30},"end":{"line":8,"column":35}},"loc":{"start":{"line":11,"column":16},"end":{"line":50,"column":1}}}},"branchMap":{"0":{"loc":{"start":{"line":10,"column":2},"end":{"line":10,"column":16}},"type":"default-arg","locations":[{"start":{"line":10,"column":15},"end":{"line":10,"column":16}}]},"1":{"loc":{"start":{"line":31,"column":26},"end":{"line":31,"column":97}},"type":"binary-expr","locations":[{"start":{"line":31,"column":26},"end":{"line":31,"column":45}},{"start":{"line":31,"column":49},"end":{"line":31,"column":97}}]},"2":{"loc":{"start":{"line":32,"column":28},"end":{"line":32,"column":104}},"type":"binary-expr","locations":[{"start":{"line":32,"column":28},"end":{"line":32,"column":47}},{"start":{"line":32,"column":51},"end":{"line":32,"column":104}}]},"3":{"loc":{"start":{"line":34,"column":6},"end":{"line":37,"column":7}},"type":"if","locations":[{"start":{"line":34,"column":6},"end":{"line":37,"column":7}},{"start":{},"end":{}}]},"4":{"loc":{"start":{"line":34,"column":10},"end":{"line":34,"column":65}},"type":"binary-expr","locations":[{"start":{"line":34,"column":11},"end":{"line":34,"column":22}},{"start":{"line":34,"column":26},"end":{"line":34,"column":39}},{"start":{"line":34,"column":44},"end":{"line":34,"column":65}}]}},"s":{"0":3,"1":3,"2":3,"3":5,"4":5,"5":5,"6":5,"7":5,"8":5,"9":5,"10":4,"11":4,"12":1,"13":1,"14":1,"15":1,"16":0,"17":0,"18":1,"19":1,"20":5,"21":0,"22":3},"f":{"0":5},"b":{"0":[5],"1":[1,0],"2":[1,0],"3":[0,1],"4":[1,1,0]}}
,"/home/msk/Desktop/vs_code/hackathon/founder-brain-backend/src/validators/meetingValidator.ts": {"path":"/home/msk/Desktop/vs_code/hackathon/founder-brain-backend/src/validators/meetingValidator.ts","statementMap":{"0":{"start":{"line":1,"column":0},"end":{"line":1,"column":24}},"1":{"start":{"line":6,"column":13},"end":{"line":13,"column":3}}},"fnMap":{},"branchMap":{},"s":{"0":0,"1":0},"f":{},"b":{}}
,"/home/msk/Desktop/vs_code/hackathon/founder-brain-backend/src/validators/taskValidator.ts": {"path":"/home/msk/Desktop/vs_code/hackathon/founder-brain-backend/src/validators/taskValidator.ts","statementMap":{"0":{"start":{"line":1,"column":0},"end":{"line":1,"column":24}},"1":{"start":{"line":2,"column":0},"end":{"line":2,"column":32}},"2":{"start":{"line":7,"column":13},"end":{"line":13,"column":3}},"3":{"start":{"line":18,"column":13},"end":{"line":28,"column":3}},"4":{"start":{"line":21,"column":40},"end":{"line":21,"column":76}}},"fnMap":{"0":{"name":"(anonymous_1)","decl":{"start":{"line":21,"column":31},"end":{"line":21,"column":32}},"loc":{"start":{"line":21,"column":40},"end":{"line":21,"column":76}}}},"branchMap":{},"s":{"0":0,"1":0,"2":0,"3":0,"4":0},"f":{"0":0},"b":{}}
,"/home/msk/Desktop/vs_code/hackathon/founder-brain-backend/src/workers/EmbeddingWorker.ts": {"path":"/home/msk/Desktop/vs_code/hackathon/founder-brain-backend/src/workers/EmbeddingWorker.ts","statementMap":{"0":{"start":{"line":1,"column":0},"end":{"line":1,"column":37}},"1":{"start":{"line":2,"column":0},"end":{"line":2,"column":46}},"2":{"start":{"line":3,"column":0},"end":{"line":3,"column":82}},"3":{"start":{"line":7,"column":0},"end":{"line":7,"column":44}},"4":{"start":{"line":13,"column":36},"end":{"line":71,"column":1}},"5":{"start":{"line":14,"column":20},"end":{"line":14,"column":67}},"6":{"start":{"line":14,"column":21},"end":{"line":14,"column":56}},"7":{"start":{"line":15,"column":24},"end":{"line":15,"column":73}},"8":{"start":{"line":16,"column":17},"end":{"line":16,"column":49}},"9":{"start":{"line":18,"column":17},"end":{"line":63,"column":null}},"10":{"start":{"line":21,"column":54},"end":{"line":21,"column":62}},"11":{"start":{"line":23,"column":6},"end":{"line":58,"column":7}},"12":{"start":{"line":24,"column":8},"end":{"line":24,"column":78}},"13":{"start":{"line":27,"column":8},"end":{"line":29,"column":11}},"14":{"start":{"line":31,"column":27},"end":{"line":35,"column":null}},"15":{"start":{"line":39,"column":8},"end":{"line":43,"column":11}},"16":{"start":{"line":45,"column":8},"end":{"line":45,"column":74}},"17":{"start":{"line":47,"column":8},"end":{"line":51,"column":11}},"18":{"start":{"line":53,"column":8},"end":{"line":55,"column":11}},"19":{"start":{"line":57,"column":8},"end":{"line":57,"column":20}},"20":{"start":{"line":66,"column":2},"end":{"line":68,"column":5}},"21":{"start":{"line":67,"column":4},"end":{"line":67,"column":88}},"22":{"start":{"line":70,"column":2},"end":{"line":70,"column":16}},"23":{"start":{"line":13,"column":13},"end":{"line":13,"column":36}}},"fnMap":{"0":{"name":"(anonymous_9)","decl":{"start":{"line":13,"column":36},"end":{"line":13,"column":41}},"loc":{"start":{"line":13,"column":47},"end":{"line":71,"column":1}}},"1":{"name":"(anonymous_10)","decl":{"start":{"line":14,"column":21},"end":{"line":14,"column":34}},"loc":{"start":{"line":14,"column":21},"end":{"line":14,"column":56}}},"2":{"name":"(anonymous_11)","decl":{"start":{"line":20,"column":4},"end":{"line":20,"column":9}},"loc":{"start":{"line":20,"column":41},"end":{"line":59,"column":5}}},"3":{"name":"(anonymous_12)","decl":{"start":{"line":66,"column":22},"end":{"line":66,"column":23}},"loc":{"start":{"line":66,"column":35},"end":{"line":68,"column":3}}}},"branchMap":{},"s":{"0":0,"1":0,"2":0,"3":0,"4":0,"5":0,"6":0,"7":0,"8":0,"9":0,"10":0,"11":0,"12":0,"13":0,"14":0,"15":0,"16":0,"17":0,"18":0,"19":0,"20":0,"21":0,"22":0,"23":0},"f":{"0":0,"1":0,"2":0,"3":0},"b":{}}
,"/home/msk/Desktop/vs_code/hackathon/founder-brain-backend/src/workers/MeetingWorker.ts": {"path":"/home/msk/Desktop/vs_code/hackathon/founder-brain-backend/src/workers/MeetingWorker.ts","statementMap":{"0":{"start":{"line":2,"column":0},"end":{"line":2,"column":32}},"1":{"start":{"line":9,"column":0},"end":{"line":9,"column":59}},"2":{"start":{"line":10,"column":0},"end":{"line":10,"column":54}},"3":{"start":{"line":11,"column":0},"end":{"line":11,"column":60}},"4":{"start":{"line":18,"column":12},"end":{"line":18,"column":32}},"5":{"start":{"line":19,"column":12},"end":{"line":19,"column":49}},"6":{"start":{"line":20,"column":12},"end":{"line":20,"column":43}},"7":{"start":{"line":21,"column":12},"end":{"line":21,"column":39}},"8":{"start":{"line":22,"column":12},"end":{"line":22,"column":27}},"9":{"start":{"line":29,"column":32},"end":{"line":29,"column":40}},"10":{"start":{"line":30,"column":22},"end":{"line":30,"column":32}},"11":{"start":{"line":31,"column":17},"end":{"line":31,"column":39}},"12":{"start":{"line":33,"column":4},"end":{"line":33,"column":86}},"13":{"start":{"line":35,"column":4},"end":{"line":159,"column":5}},"14":{"start":{"line":37,"column":6},"end":{"line":37,"column":73}},"15":{"start":{"line":38,"column":6},"end":{"line":38,"column":35}},"16":{"start":{"line":39,"column":6},"end":{"line":44,"column":9}},"17":{"start":{"line":47,"column":6},"end":{"line":47,"column":63}},"18":{"start":{"line":48,"column":6},"end":{"line":53,"column":9}},"19":{"start":{"line":55,"column":23},"end":{"line":55,"column":69}},"20":{"start":{"line":56,"column":6},"end":{"line":56,"column":35}},"21":{"start":{"line":59,"column":24},"end":{"line":59,"column":48}},"22":{"start":{"line":60,"column":30},"end":{"line":60,"column":73}},"23":{"start":{"line":61,"column":27},"end":{"line":61,"column":72}},"24":{"start":{"line":61,"column":52},"end":{"line":61,"column":71}},"25":{"start":{"line":63,"column":6},"end":{"line":63,"column":35}},"26":{"start":{"line":64,"column":6},"end":{"line":69,"column":9}},"27":{"start":{"line":72,"column":6},"end":{"line":115,"column":9}},"28":{"start":{"line":74,"column":25},"end":{"line":79,"column":11}},"29":{"start":{"line":74,"column":50},"end":{"line":79,"column":10}},"30":{"start":{"line":81,"column":29},"end":{"line":81,"column":88}},"31":{"start":{"line":86,"column":8},"end":{"line":96,"column":11}},"32":{"start":{"line":87,"column":10},"end":{"line":95,"column":11}},"33":{"start":{"line":88,"column":12},"end":{"line":94,"column":15}},"34":{"start":{"line":98,"column":24},"end":{"line":98,"column":63}},"35":{"start":{"line":98,"column":46},"end":{"line":98,"column":62}},"36":{"start":{"line":101,"column":35},"end":{"line":101,"column":57}},"37":{"start":{"line":102,"column":8},"end":{"line":114,"column":10}},"38":{"start":{"line":117,"column":6},"end":{"line":117,"column":36}},"39":{"start":{"line":118,"column":6},"end":{"line":118,"column":89}},"40":{"start":{"line":120,"column":6},"end":{"line":125,"column":9}},"41":{"start":{"line":128,"column":6},"end":{"line":144,"column":7}},"42":{"start":{"line":129,"column":8},"end":{"line":134,"column":11}},"43":{"start":{"line":136,"column":8},"end":{"line":141,"column":11}},"44":{"start":{"line":143,"column":8},"end":{"line":143,"column":95}},"45":{"start":{"line":147,"column":27},"end":{"line":147,"column":101}},"46":{"start":{"line":148,"column":6},"end":{"line":148,"column":108}},"47":{"start":{"line":150,"column":6},"end":{"line":150,"column":106}},"48":{"start":{"line":152,"column":6},"end":{"line":156,"column":7}},"49":{"start":{"line":153,"column":8},"end":{"line":153,"column":85}},"50":{"start":{"line":155,"column":8},"end":{"line":155,"column":106}},"51":{"start":{"line":158,"column":6},"end":{"line":158,"column":18}},"52":{"start":{"line":16,"column":0},"end":{"line":16,"column":13}}},"fnMap":{"0":{"name":"(anonymous_1)","decl":{"start":{"line":17,"column":2},"end":{"line":17,"column":null}},"loc":{"start":{"line":22,"column":27},"end":{"line":23,"column":6}}},"1":{"name":"(anonymous_2)","decl":{"start":{"line":28,"column":2},"end":{"line":28,"column":7}},"loc":{"start":{"line":28,"column":40},"end":{"line":160,"column":3}}},"2":{"name":"(anonymous_3)","decl":{"start":{"line":61,"column":47},"end":{"line":61,"column":48}},"loc":{"start":{"line":61,"column":52},"end":{"line":61,"column":71}}},"3":{"name":"(anonymous_4)","decl":{"start":{"line":72,"column":27},"end":{"line":72,"column":32}},"loc":{"start":{"line":72,"column":45},"end":{"line":115,"column":7}}},"4":{"name":"(anonymous_5)","decl":{"start":{"line":74,"column":44},"end":{"line":74,"column":45}},"loc":{"start":{"line":74,"column":50},"end":{"line":79,"column":10}}},"5":{"name":"(anonymous_6)","decl":{"start":{"line":86,"column":29},"end":{"line":86,"column":33}},"loc":{"start":{"line":86,"column":36},"end":{"line":96,"column":9}}},"6":{"name":"(anonymous_7)","decl":{"start":{"line":98,"column":41},"end":{"line":98,"column":42}},"loc":{"start":{"line":98,"column":46},"end":{"line":98,"column":62}}}},"branchMap":{"0":{"loc":{"start":{"line":77,"column":20},"end":{"line":77,"column":60}},"type":"cond-expr","locations":[{"start":{"line":77,"column":33},"end":{"line":77,"column":53}},{"start":{"line":77,"column":56},"end":{"line":77,"column":60}}]},"1":{"loc":{"start":{"line":87,"column":10},"end":{"line":95,"column":11}},"type":"if","locations":[{"start":{"line":87,"column":10},"end":{"line":95,"column":11}},{"start":{},"end":{}}]},"2":{"loc":{"start":{"line":147,"column":27},"end":{"line":147,"column":101}},"type":"cond-expr","locations":[{"start":{"line":147,"column":52},"end":{"line":147,"column":65}},{"start":{"line":147,"column":68},"end":{"line":147,"column":101}}]}},"s":{"0":1,"1":1,"2":1,"3":1,"4":1,"5":1,"6":1,"7":1,"8":1,"9":0,"10":0,"11":0,"12":0,"13":0,"14":0,"15":0,"16":0,"17":0,"18":0,"19":0,"20":0,"21":0,"22":0,"23":0,"24":0,"25":0,"26":0,"27":0,"28":0,"29":0,"30":0,"31":0,"32":0,"33":0,"34":0,"35":0,"36":0,"37":0,"38":0,"39":0,"40":0,"41":0,"42":0,"43":0,"44":0,"45":0,"46":0,"47":0,"48":0,"49":0,"50":0,"51":0,"52":1},"f":{"0":1,"1":0,"2":0,"3":0,"4":0,"5":0,"6":0},"b":{"0":[0,0],"1":[0,0],"2":[0,0]}}
,"/home/msk/Desktop/vs_code/hackathon/founder-brain-backend/src/workers/WorkerManager.ts": {"path":"/home/msk/Desktop/vs_code/hackathon/founder-brain-backend/src/workers/WorkerManager.ts","statementMap":{"0":{"start":{"line":1,"column":0},"end":{"line":1,"column":32}},"1":{"start":{"line":2,"column":0},"end":{"line":2,"column":46}},"2":{"start":{"line":3,"column":0},"end":{"line":3,"column":43}},"3":{"start":{"line":4,"column":0},"end":{"line":4,"column":48}},"4":{"start":{"line":5,"column":0},"end":{"line":5,"column":91}},"5":{"start":{"line":6,"column":0},"end":{"line":6,"column":85}},"6":{"start":{"line":7,"column":0},"end":{"line":7,"column":109}},"7":{"start":{"line":8,"column":0},"end":{"line":8,"column":85}},"8":{"start":{"line":10,"column":28},"end":{"line":10,"column":32}},"9":{"start":{"line":11,"column":35},"end":{"line":11,"column":39}},"10":{"start":{"line":12,"column":36},"end":{"line":12,"column":40}},"11":{"start":{"line":13,"column":35},"end":{"line":13,"column":39}},"12":{"start":{"line":14,"column":38},"end":{"line":14,"column":42}},"13":{"start":{"line":19,"column":27},"end":{"line":59,"column":1}},"14":{"start":{"line":20,"column":2},"end":{"line":20,"column":21}},"15":{"start":{"line":20,"column":14},"end":{"line":20,"column":21}},"16":{"start":{"line":22,"column":24},"end":{"line":22,"column":52}},"17":{"start":{"line":23,"column":17},"end":{"line":23,"column":49}},"18":{"start":{"line":24,"column":32},"end":{"line":24,"column":79}},"19":{"start":{"line":27,"column":2},"end":{"line":36,"column":4}},"20":{"start":{"line":30,"column":6},"end":{"line":30,"column":39}},"21":{"start":{"line":38,"column":2},"end":{"line":40,"column":5}},"22":{"start":{"line":39,"column":4},"end":{"line":39,"column":73}},"23":{"start":{"line":43,"column":2},"end":{"line":43,"column":60}},"24":{"start":{"line":44,"column":2},"end":{"line":44,"column":29}},"25":{"start":{"line":47,"column":2},"end":{"line":47,"column":41}},"26":{"start":{"line":48,"column":2},"end":{"line":48,"column":30}},"27":{"start":{"line":51,"column":2},"end":{"line":51,"column":50}},"28":{"start":{"line":52,"column":2},"end":{"line":52,"column":40}},"29":{"start":{"line":55,"column":2},"end":{"line":55,"column":45}},"30":{"start":{"line":56,"column":2},"end":{"line":56,"column":32}},"31":{"start":{"line":58,"column":2},"end":{"line":58,"column":94}},"32":{"start":{"line":19,"column":13},"end":{"line":19,"column":27}},"33":{"start":{"line":64,"column":26},"end":{"line":98,"column":1}},"34":{"start":{"line":65,"column":17},"end":{"line":65,"column":49}},"35":{"start":{"line":67,"column":2},"end":{"line":71,"column":3}},"36":{"start":{"line":68,"column":4},"end":{"line":68,"column":57}},"37":{"start":{"line":69,"column":4},"end":{"line":69,"column":25}},"38":{"start":{"line":70,"column":4},"end":{"line":70,"column":18}},"39":{"start":{"line":73,"column":2},"end":{"line":77,"column":3}},"40":{"start":{"line":74,"column":4},"end":{"line":74,"column":57}},"41":{"start":{"line":75,"column":4},"end":{"line":75,"column":32}},"42":{"start":{"line":76,"column":4},"end":{"line":76,"column":25}},"43":{"start":{"line":79,"column":2},"end":{"line":83,"column":3}},"44":{"start":{"line":80,"column":4},"end":{"line":80,"column":58}},"45":{"start":{"line":81,"column":4},"end":{"line":81,"column":33}},"46":{"start":{"line":82,"column":4},"end":{"line":82,"column":26}},"47":{"start":{"line":85,"column":2},"end":{"line":89,"column":3}},"48":{"start":{"line":86,"column":4},"end":{"line":86,"column":57}},"49":{"start":{"line":87,"column":4},"end":{"line":87,"column":32}},"50":{"start":{"line":88,"column":4},"end":{"line":88,"column":25}},"51":{"start":{"line":91,"column":2},"end":{"line":95,"column":3}},"52":{"start":{"line":92,"column":4},"end":{"line":92,"column":61}},"53":{"start":{"line":93,"column":4},"end":{"line":93,"column":35}},"54":{"start":{"line":94,"column":4},"end":{"line":94,"column":28}},"55":{"start":{"line":97,"column":2},"end":{"line":97,"column":38}},"56":{"start":{"line":64,"column":13},"end":{"line":64,"column":26}}},"fnMap":{"0":{"name":"(anonymous_1)","decl":{"start":{"line":19,"column":27},"end":{"line":19,"column":32}},"loc":{"start":{"line":19,"column":53},"end":{"line":59,"column":1}}},"1":{"name":"(anonymous_2)","decl":{"start":{"line":29,"column":4},"end":{"line":29,"column":9}},"loc":{"start":{"line":29,"column":18},"end":{"line":31,"column":5}}},"2":{"name":"(anonymous_3)","decl":{"start":{"line":38,"column":22},"end":{"line":38,"column":23}},"loc":{"start":{"line":38,"column":35},"end":{"line":40,"column":3}}},"3":{"name":"(anonymous_4)","decl":{"start":{"line":64,"column":26},"end":{"line":64,"column":31}},"loc":{"start":{"line":64,"column":52},"end":{"line":98,"column":1}}}},"branchMap":{"0":{"loc":{"start":{"line":20,"column":2},"end":{"line":20,"column":21}},"type":"if","locations":[{"start":{"line":20,"column":2},"end":{"line":20,"column":21}},{"start":{},"end":{}}]},"1":{"loc":{"start":{"line":34,"column":19},"end":{"line":34,"column":50}},"type":"binary-expr","locations":[{"start":{"line":34,"column":19},"end":{"line":34,"column":45}},{"start":{"line":34,"column":49},"end":{"line":34,"column":50}}]},"2":{"loc":{"start":{"line":58,"column":59},"end":{"line":58,"column":90}},"type":"binary-expr","locations":[{"start":{"line":58,"column":59},"end":{"line":58,"column":85}},{"start":{"line":58,"column":89},"end":{"line":58,"column":90}}]},"3":{"loc":{"start":{"line":67,"column":2},"end":{"line":71,"column":3}},"type":"if","locations":[{"start":{"line":67,"column":2},"end":{"line":71,"column":3}},{"start":{},"end":{}}]},"4":{"loc":{"start":{"line":73,"column":2},"end":{"line":77,"column":3}},"type":"if","locations":[{"start":{"line":73,"column":2},"end":{"line":77,"column":3}},{"start":{},"end":{}}]},"5":{"loc":{"start":{"line":79,"column":2},"end":{"line":83,"column":3}},"type":"if","locations":[{"start":{"line":79,"column":2},"end":{"line":83,"column":3}},{"start":{},"end":{}}]},"6":{"loc":{"start":{"line":85,"column":2},"end":{"line":89,"column":3}},"type":"if","locations":[{"start":{"line":85,"column":2},"end":{"line":89,"column":3}},{"start":{},"end":{}}]},"7":{"loc":{"start":{"line":91,"column":2},"end":{"line":95,"column":3}},"type":"if","locations":[{"start":{"line":91,"column":2},"end":{"line":95,"column":3}},{"start":{},"end":{}}]}},"s":{"0":0,"1":0,"2":0,"3":0,"4":0,"5":0,"6":0,"7":0,"8":0,"9":0,"10":0,"11":0,"12":0,"13":0,"14":0,"15":0,"16":0,"17":0,"18":0,"19":0,"20":0,"21":0,"22":0,"23":0,"24":0,"25":0,"26":0,"27":0,"28":0,"29":0,"30":0,"31":0,"32":0,"33":0,"34":0,"35":0,"36":0,"37":0,"38":0,"39":0,"40":0,"41":0,"42":0,"43":0,"44":0,"45":0,"46":0,"47":0,"48":0,"49":0,"50":0,"51":0,"52":0,"53":0,"54":0,"55":0,"56":0},"f":{"0":0,"1":0,"2":0,"3":0},"b":{"0":[0,0],"1":[0,0],"2":[0,0],"3":[0,0],"4":[0,0],"5":[0,0],"6":[0,0],"7":[0,0]}}
}
